                              1 ;--------------------------------------------------------
                              2 ; File Created by SDCC : free open source ANSI-C Compiler
                              3 ; Version 3.0.1 #6083 (Dec 17 2010) (MINGW32)
                              4 ; This file was generated Mon Nov 07 10:21:28 2022
                              5 ;--------------------------------------------------------
                              6 	.module hw11
                              7 	.optsdcc -mmcs51 --model-small
                              8 	
                              9 ;--------------------------------------------------------
                             10 ; Public variables in this module
                             11 ;--------------------------------------------------------
                             12 	.globl _main
                             13 	.globl _CY
                             14 	.globl _AC
                             15 	.globl _F0
                             16 	.globl _RS1
                             17 	.globl _RS0
                             18 	.globl _OV
                             19 	.globl _F1
                             20 	.globl _P
                             21 	.globl _PS
                             22 	.globl _PT1
                             23 	.globl _PX1
                             24 	.globl _PT0
                             25 	.globl _PX0
                             26 	.globl _RD
                             27 	.globl _WR
                             28 	.globl _T1
                             29 	.globl _T0
                             30 	.globl _INT1
                             31 	.globl _INT0
                             32 	.globl _TXD
                             33 	.globl _RXD
                             34 	.globl _P3_7
                             35 	.globl _P3_6
                             36 	.globl _P3_5
                             37 	.globl _P3_4
                             38 	.globl _P3_3
                             39 	.globl _P3_2
                             40 	.globl _P3_1
                             41 	.globl _P3_0
                             42 	.globl _EA
                             43 	.globl _ES
                             44 	.globl _ET1
                             45 	.globl _EX1
                             46 	.globl _ET0
                             47 	.globl _EX0
                             48 	.globl _P2_7
                             49 	.globl _P2_6
                             50 	.globl _P2_5
                             51 	.globl _P2_4
                             52 	.globl _P2_3
                             53 	.globl _P2_2
                             54 	.globl _P2_1
                             55 	.globl _P2_0
                             56 	.globl _SM0
                             57 	.globl _SM1
                             58 	.globl _SM2
                             59 	.globl _REN
                             60 	.globl _TB8
                             61 	.globl _RB8
                             62 	.globl _TI
                             63 	.globl _RI
                             64 	.globl _P1_7
                             65 	.globl _P1_6
                             66 	.globl _P1_5
                             67 	.globl _P1_4
                             68 	.globl _P1_3
                             69 	.globl _P1_2
                             70 	.globl _P1_1
                             71 	.globl _P1_0
                             72 	.globl _TF1
                             73 	.globl _TR1
                             74 	.globl _TF0
                             75 	.globl _TR0
                             76 	.globl _IE1
                             77 	.globl _IT1
                             78 	.globl _IE0
                             79 	.globl _IT0
                             80 	.globl _P0_7
                             81 	.globl _P0_6
                             82 	.globl _P0_5
                             83 	.globl _P0_4
                             84 	.globl _P0_3
                             85 	.globl _P0_2
                             86 	.globl _P0_1
                             87 	.globl _P0_0
                             88 	.globl _B
                             89 	.globl _ACC
                             90 	.globl _PSW
                             91 	.globl _IP
                             92 	.globl _P3
                             93 	.globl _IE
                             94 	.globl _P2
                             95 	.globl _SBUF
                             96 	.globl _SCON
                             97 	.globl _P1
                             98 	.globl _TH1
                             99 	.globl _TH0
                            100 	.globl _TL1
                            101 	.globl _TL0
                            102 	.globl _TMOD
                            103 	.globl _TCON
                            104 	.globl _PCON
                            105 	.globl _DPH
                            106 	.globl _DPL
                            107 	.globl _SP
                            108 	.globl _P0
                            109 	.globl _keypad_get_key
                            110 	.globl _keypad_get_key_echo
                            111 	.globl _keypad_get_byte
                            112 	.globl _keypad_get_word
                            113 	.globl _keypad_check_key
                            114 	.globl _keypad_get_integer
                            115 ;--------------------------------------------------------
                            116 ; special function registers
                            117 ;--------------------------------------------------------
                            118 	.area RSEG    (ABS,DATA)
   0000                     119 	.org 0x0000
                    0080    120 _P0	=	0x0080
                    0081    121 _SP	=	0x0081
                    0082    122 _DPL	=	0x0082
                    0083    123 _DPH	=	0x0083
                    0087    124 _PCON	=	0x0087
                    0088    125 _TCON	=	0x0088
                    0089    126 _TMOD	=	0x0089
                    008A    127 _TL0	=	0x008a
                    008B    128 _TL1	=	0x008b
                    008C    129 _TH0	=	0x008c
                    008D    130 _TH1	=	0x008d
                    0090    131 _P1	=	0x0090
                    0098    132 _SCON	=	0x0098
                    0099    133 _SBUF	=	0x0099
                    00A0    134 _P2	=	0x00a0
                    00A8    135 _IE	=	0x00a8
                    00B0    136 _P3	=	0x00b0
                    00B8    137 _IP	=	0x00b8
                    00D0    138 _PSW	=	0x00d0
                    00E0    139 _ACC	=	0x00e0
                    00F0    140 _B	=	0x00f0
                            141 ;--------------------------------------------------------
                            142 ; special function bits
                            143 ;--------------------------------------------------------
                            144 	.area RSEG    (ABS,DATA)
   0000                     145 	.org 0x0000
                    0080    146 _P0_0	=	0x0080
                    0081    147 _P0_1	=	0x0081
                    0082    148 _P0_2	=	0x0082
                    0083    149 _P0_3	=	0x0083
                    0084    150 _P0_4	=	0x0084
                    0085    151 _P0_5	=	0x0085
                    0086    152 _P0_6	=	0x0086
                    0087    153 _P0_7	=	0x0087
                    0088    154 _IT0	=	0x0088
                    0089    155 _IE0	=	0x0089
                    008A    156 _IT1	=	0x008a
                    008B    157 _IE1	=	0x008b
                    008C    158 _TR0	=	0x008c
                    008D    159 _TF0	=	0x008d
                    008E    160 _TR1	=	0x008e
                    008F    161 _TF1	=	0x008f
                    0090    162 _P1_0	=	0x0090
                    0091    163 _P1_1	=	0x0091
                    0092    164 _P1_2	=	0x0092
                    0093    165 _P1_3	=	0x0093
                    0094    166 _P1_4	=	0x0094
                    0095    167 _P1_5	=	0x0095
                    0096    168 _P1_6	=	0x0096
                    0097    169 _P1_7	=	0x0097
                    0098    170 _RI	=	0x0098
                    0099    171 _TI	=	0x0099
                    009A    172 _RB8	=	0x009a
                    009B    173 _TB8	=	0x009b
                    009C    174 _REN	=	0x009c
                    009D    175 _SM2	=	0x009d
                    009E    176 _SM1	=	0x009e
                    009F    177 _SM0	=	0x009f
                    00A0    178 _P2_0	=	0x00a0
                    00A1    179 _P2_1	=	0x00a1
                    00A2    180 _P2_2	=	0x00a2
                    00A3    181 _P2_3	=	0x00a3
                    00A4    182 _P2_4	=	0x00a4
                    00A5    183 _P2_5	=	0x00a5
                    00A6    184 _P2_6	=	0x00a6
                    00A7    185 _P2_7	=	0x00a7
                    00A8    186 _EX0	=	0x00a8
                    00A9    187 _ET0	=	0x00a9
                    00AA    188 _EX1	=	0x00aa
                    00AB    189 _ET1	=	0x00ab
                    00AC    190 _ES	=	0x00ac
                    00AF    191 _EA	=	0x00af
                    00B0    192 _P3_0	=	0x00b0
                    00B1    193 _P3_1	=	0x00b1
                    00B2    194 _P3_2	=	0x00b2
                    00B3    195 _P3_3	=	0x00b3
                    00B4    196 _P3_4	=	0x00b4
                    00B5    197 _P3_5	=	0x00b5
                    00B6    198 _P3_6	=	0x00b6
                    00B7    199 _P3_7	=	0x00b7
                    00B0    200 _RXD	=	0x00b0
                    00B1    201 _TXD	=	0x00b1
                    00B2    202 _INT0	=	0x00b2
                    00B3    203 _INT1	=	0x00b3
                    00B4    204 _T0	=	0x00b4
                    00B5    205 _T1	=	0x00b5
                    00B6    206 _WR	=	0x00b6
                    00B7    207 _RD	=	0x00b7
                    00B8    208 _PX0	=	0x00b8
                    00B9    209 _PT0	=	0x00b9
                    00BA    210 _PX1	=	0x00ba
                    00BB    211 _PT1	=	0x00bb
                    00BC    212 _PS	=	0x00bc
                    00D0    213 _P	=	0x00d0
                    00D1    214 _F1	=	0x00d1
                    00D2    215 _OV	=	0x00d2
                    00D3    216 _RS0	=	0x00d3
                    00D4    217 _RS1	=	0x00d4
                    00D5    218 _F0	=	0x00d5
                    00D6    219 _AC	=	0x00d6
                    00D7    220 _CY	=	0x00d7
                            221 ;--------------------------------------------------------
                            222 ; overlayable register banks
                            223 ;--------------------------------------------------------
                            224 	.area REG_BANK_0	(REL,OVR,DATA)
   0000                     225 	.ds 8
                            226 ;--------------------------------------------------------
                            227 ; internal ram data
                            228 ;--------------------------------------------------------
                            229 	.area DSEG    (DATA)
                            230 ;--------------------------------------------------------
                            231 ; overlayable items in internal ram 
                            232 ;--------------------------------------------------------
                            233 	.area OSEG    (OVR,DATA)
                            234 ;--------------------------------------------------------
                            235 ; Stack segment in internal ram 
                            236 ;--------------------------------------------------------
                            237 	.area	SSEG	(DATA)
   0000                     238 __start__stack:
   0000                     239 	.ds	1
                            240 
                            241 ;--------------------------------------------------------
                            242 ; indirectly addressable internal ram data
                            243 ;--------------------------------------------------------
                            244 	.area ISEG    (DATA)
                            245 ;--------------------------------------------------------
                            246 ; absolute internal ram data
                            247 ;--------------------------------------------------------
                            248 	.area IABS    (ABS,DATA)
                            249 	.area IABS    (ABS,DATA)
                            250 ;--------------------------------------------------------
                            251 ; bit data
                            252 ;--------------------------------------------------------
                            253 	.area BSEG    (BIT)
                            254 ;--------------------------------------------------------
                            255 ; paged external ram data
                            256 ;--------------------------------------------------------
                            257 	.area PSEG    (PAG,XDATA)
                            258 ;--------------------------------------------------------
                            259 ; external ram data
                            260 ;--------------------------------------------------------
                            261 	.area XSEG    (XDATA)
                            262 ;--------------------------------------------------------
                            263 ; absolute external ram data
                            264 ;--------------------------------------------------------
                            265 	.area XABS    (ABS,XDATA)
                            266 ;--------------------------------------------------------
                            267 ; external initialized ram data
                            268 ;--------------------------------------------------------
                            269 	.area XISEG   (XDATA)
                            270 	.area HOME    (CODE)
                            271 	.area GSINIT0 (CODE)
                            272 	.area GSINIT1 (CODE)
                            273 	.area GSINIT2 (CODE)
                            274 	.area GSINIT3 (CODE)
                            275 	.area GSINIT4 (CODE)
                            276 	.area GSINIT5 (CODE)
                            277 	.area GSINIT  (CODE)
                            278 	.area GSFINAL (CODE)
                            279 	.area CSEG    (CODE)
                            280 ;--------------------------------------------------------
                            281 ; interrupt vector 
                            282 ;--------------------------------------------------------
                            283 	.area HOME    (CODE)
   0000                     284 __interrupt_vect:
   0000 02s00r00            285 	ljmp	__sdcc_gsinit_startup
                            286 ;--------------------------------------------------------
                            287 ; global & static initialisations
                            288 ;--------------------------------------------------------
                            289 	.area HOME    (CODE)
                            290 	.area GSINIT  (CODE)
                            291 	.area GSFINAL (CODE)
                            292 	.area GSINIT  (CODE)
                            293 	.globl __sdcc_gsinit_startup
                            294 	.globl __sdcc_program_startup
                            295 	.globl __start__stack
                            296 	.globl __mcs51_genXINIT
                            297 	.globl __mcs51_genXRAMCLEAR
                            298 	.globl __mcs51_genRAMCLEAR
                            299 	.area GSFINAL (CODE)
   0000 02s00r03            300 	ljmp	__sdcc_program_startup
                            301 ;--------------------------------------------------------
                            302 ; Home
                            303 ;--------------------------------------------------------
                            304 	.area HOME    (CODE)
                            305 	.area HOME    (CODE)
   0003                     306 __sdcc_program_startup:
   0003 12s00rAE            307 	lcall	_main
                            308 ;	return from main will lock up
   0006 80 FE               309 	sjmp .
                            310 ;--------------------------------------------------------
                            311 ; code
                            312 ;--------------------------------------------------------
                            313 	.area CSEG    (CODE)
                            314 ;------------------------------------------------------------
                            315 ;Allocation info for local variables in function 'keypad_get_key'
                            316 ;------------------------------------------------------------
                            317 ;key                       Allocated to registers r2 
                            318 ;------------------------------------------------------------
                            319 ;	C:\Users\dht98\DOWNLO~1\NKUST\NKUST_~2\HW11\/keypad.c:16: unsigned char keypad_get_key(void)
                            320 ;	-----------------------------------------
                            321 ;	 function keypad_get_key
                            322 ;	-----------------------------------------
   0000                     323 _keypad_get_key:
                    0002    324 	ar2 = 0x02
                    0003    325 	ar3 = 0x03
                    0004    326 	ar4 = 0x04
                    0005    327 	ar5 = 0x05
                    0006    328 	ar6 = 0x06
                    0007    329 	ar7 = 0x07
                    0000    330 	ar0 = 0x00
                    0001    331 	ar1 = 0x01
                            332 ;	C:\Users\dht98\DOWNLO~1\NKUST\NKUST_~2\HW11\/keypad.c:19: KEYPAD_DO|=0x1F;
   0000 43 90 1F            333 	orl	_P1,#0x1F
                            334 ;	C:\Users\dht98\DOWNLO~1\NKUST\NKUST_~2\HW11\/keypad.c:20: while(KEYPAD_DA==0);
   0003                     335 00101$:
   0003 30 94 FD            336 	jnb	_P1_4,00101$
                            337 ;	C:\Users\dht98\DOWNLO~1\NKUST\NKUST_~2\HW11\/keypad.c:21: key=KEYPAD_DO;key&=0x0F;
   0006 AA 90               338 	mov	r2,_P1
   0008 53 02 0F            339 	anl	ar2,#0x0F
                            340 ;	C:\Users\dht98\DOWNLO~1\NKUST\NKUST_~2\HW11\/keypad.c:22: while(KEYPAD_DA==1);
   000B                     341 00104$:
   000B 20 94 FD            342 	jb	_P1_4,00104$
                            343 ;	C:\Users\dht98\DOWNLO~1\NKUST\NKUST_~2\HW11\/keypad.c:23: return key;
   000E 8A 82               344 	mov	dpl,r2
   0010 22                  345 	ret
                            346 ;------------------------------------------------------------
                            347 ;Allocation info for local variables in function 'keypad_get_key_echo'
                            348 ;------------------------------------------------------------
                            349 ;key                       Allocated to registers r2 
                            350 ;------------------------------------------------------------
                            351 ;	C:\Users\dht98\DOWNLO~1\NKUST\NKUST_~2\HW11\/keypad.c:26: unsigned char keypad_get_key_echo(void)
                            352 ;	-----------------------------------------
                            353 ;	 function keypad_get_key_echo
                            354 ;	-----------------------------------------
   0011                     355 _keypad_get_key_echo:
                            356 ;	C:\Users\dht98\DOWNLO~1\NKUST\NKUST_~2\HW11\/keypad.c:29: KEYPAD_DO|=0x1F;
   0011 43 90 1F            357 	orl	_P1,#0x1F
                            358 ;	C:\Users\dht98\DOWNLO~1\NKUST\NKUST_~2\HW11\/keypad.c:30: while(KEYPAD_DA==0);
   0014                     359 00101$:
   0014 30 94 FD            360 	jnb	_P1_4,00101$
                            361 ;	C:\Users\dht98\DOWNLO~1\NKUST\NKUST_~2\HW11\/keypad.c:31: key=KEYPAD_DO;key&=0x0F;
   0017 AA 90               362 	mov	r2,_P1
   0019 53 02 0F            363 	anl	ar2,#0x0F
                            364 ;	C:\Users\dht98\DOWNLO~1\NKUST\NKUST_~2\HW11\/keypad.c:34: while(KEYPAD_DA==1);
   001C                     365 00104$:
   001C 20 94 FD            366 	jb	_P1_4,00104$
                            367 ;	C:\Users\dht98\DOWNLO~1\NKUST\NKUST_~2\HW11\/keypad.c:35: return key;
   001F 8A 82               368 	mov	dpl,r2
   0021 22                  369 	ret
                            370 ;------------------------------------------------------------
                            371 ;Allocation info for local variables in function 'keypad_get_byte'
                            372 ;------------------------------------------------------------
                            373 ;------------------------------------------------------------
                            374 ;	C:\Users\dht98\DOWNLO~1\NKUST\NKUST_~2\HW11\/keypad.c:38: unsigned char keypad_get_byte(void)
                            375 ;	-----------------------------------------
                            376 ;	 function keypad_get_byte
                            377 ;	-----------------------------------------
   0022                     378 _keypad_get_byte:
                            379 ;	C:\Users\dht98\DOWNLO~1\NKUST\NKUST_~2\HW11\/keypad.c:40: return(keypad_get_key_echo()*16+keypad_get_key_echo());
   0022 12s00r11            380 	lcall	_keypad_get_key_echo
   0025 E5 82               381 	mov	a,dpl
   0027 C4                  382 	swap	a
   0028 54 F0               383 	anl	a,#0xf0
   002A FA                  384 	mov	r2,a
   002B C0 02               385 	push	ar2
   002D 12s00r11            386 	lcall	_keypad_get_key_echo
   0030 AB 82               387 	mov	r3,dpl
   0032 D0 02               388 	pop	ar2
   0034 EB                  389 	mov	a,r3
   0035 2A                  390 	add	a,r2
   0036 F5 82               391 	mov	dpl,a
   0038 22                  392 	ret
                            393 ;------------------------------------------------------------
                            394 ;Allocation info for local variables in function 'keypad_get_word'
                            395 ;------------------------------------------------------------
                            396 ;------------------------------------------------------------
                            397 ;	C:\Users\dht98\DOWNLO~1\NKUST\NKUST_~2\HW11\/keypad.c:43: unsigned int keypad_get_word(void)
                            398 ;	-----------------------------------------
                            399 ;	 function keypad_get_word
                            400 ;	-----------------------------------------
   0039                     401 _keypad_get_word:
                            402 ;	C:\Users\dht98\DOWNLO~1\NKUST\NKUST_~2\HW11\/keypad.c:45: return(keypad_get_byte()*256+keypad_get_byte());
   0039 12s00r22            403 	lcall	_keypad_get_byte
   003C AB 82               404 	mov	r3,dpl
   003E 7A 00               405 	mov	r2,#0x00
   0040 C0 02               406 	push	ar2
   0042 C0 03               407 	push	ar3
   0044 12s00r22            408 	lcall	_keypad_get_byte
   0047 AC 82               409 	mov	r4,dpl
   0049 D0 03               410 	pop	ar3
   004B D0 02               411 	pop	ar2
   004D 7D 00               412 	mov	r5,#0x00
   004F EC                  413 	mov	a,r4
   0050 2A                  414 	add	a,r2
   0051 F5 82               415 	mov	dpl,a
   0053 ED                  416 	mov	a,r5
   0054 3B                  417 	addc	a,r3
   0055 F5 83               418 	mov	dph,a
   0057 22                  419 	ret
                            420 ;------------------------------------------------------------
                            421 ;Allocation info for local variables in function 'keypad_check_key'
                            422 ;------------------------------------------------------------
                            423 ;key                       Allocated to registers r2 
                            424 ;------------------------------------------------------------
                            425 ;	C:\Users\dht98\DOWNLO~1\NKUST\NKUST_~2\HW11\/keypad.c:48: unsigned char keypad_check_key(void)
                            426 ;	-----------------------------------------
                            427 ;	 function keypad_check_key
                            428 ;	-----------------------------------------
   0058                     429 _keypad_check_key:
                            430 ;	C:\Users\dht98\DOWNLO~1\NKUST\NKUST_~2\HW11\/keypad.c:51: KEYPAD_DO|=0x1F;
   0058 43 90 1F            431 	orl	_P1,#0x1F
                            432 ;	C:\Users\dht98\DOWNLO~1\NKUST\NKUST_~2\HW11\/keypad.c:52: if(KEYPAD_DA==1)
   005B 30 94 0B            433 	jnb	_P1_4,00105$
                            434 ;	C:\Users\dht98\DOWNLO~1\NKUST\NKUST_~2\HW11\/keypad.c:53: {key=KEYPAD_DO;key&=0x0F;while(KEYPAD_DA==1);return key;}
   005E AA 90               435 	mov	r2,_P1
   0060 53 02 0F            436 	anl	ar2,#0x0F
   0063                     437 00101$:
   0063 20 94 FD            438 	jb	_P1_4,00101$
   0066 8A 82               439 	mov	dpl,r2
                            440 ;	C:\Users\dht98\DOWNLO~1\NKUST\NKUST_~2\HW11\/keypad.c:55: return KEYPAD_NULL;
   0068 22                  441 	ret
   0069                     442 00105$:
   0069 75 82 10            443 	mov	dpl,#0x10
   006C 22                  444 	ret
                            445 ;------------------------------------------------------------
                            446 ;Allocation info for local variables in function 'keypad_get_integer'
                            447 ;------------------------------------------------------------
                            448 ;value                     Allocated to registers r2 r3 
                            449 ;key                       Allocated to registers r5 
                            450 ;------------------------------------------------------------
                            451 ;	C:\Users\dht98\DOWNLO~1\NKUST\NKUST_~2\HW11\/keypad.c:58: unsigned int keypad_get_integer(void)
                            452 ;	-----------------------------------------
                            453 ;	 function keypad_get_integer
                            454 ;	-----------------------------------------
   006D                     455 _keypad_get_integer:
                            456 ;	C:\Users\dht98\DOWNLO~1\NKUST\NKUST_~2\HW11\/keypad.c:60: unsigned int value=0;
   006D 7A 00               457 	mov	r2,#0x00
   006F 7B 00               458 	mov	r3,#0x00
                            459 ;	C:\Users\dht98\DOWNLO~1\NKUST\NKUST_~2\HW11\/keypad.c:62: while((key=keypad_get_key())<0x0A)
   0071                     460 00101$:
   0071 C0 02               461 	push	ar2
   0073 C0 03               462 	push	ar3
   0075 12s00r00            463 	lcall	_keypad_get_key
   0078 AC 82               464 	mov	r4,dpl
   007A D0 03               465 	pop	ar3
   007C D0 02               466 	pop	ar2
   007E 8C 05               467 	mov	ar5,r4
   0080 BC 0A 00            468 	cjne	r4,#0x0A,00108$
   0083                     469 00108$:
   0083 50 24               470 	jnc	00103$
                            471 ;	C:\Users\dht98\DOWNLO~1\NKUST\NKUST_~2\HW11\/keypad.c:66: value=value*10+key;
   0085 C0 05               472 	push	ar5
   0087 C0 02               473 	push	ar2
   0089 C0 03               474 	push	ar3
   008B 90 00 0A            475 	mov	dptr,#0x000A
   008E 12s00r00            476 	lcall	__mulint
   0091 AC 82               477 	mov	r4,dpl
   0093 AE 83               478 	mov	r6,dph
   0095 15 81               479 	dec	sp
   0097 15 81               480 	dec	sp
   0099 D0 05               481 	pop	ar5
   009B 7F 00               482 	mov	r7,#0x00
   009D ED                  483 	mov	a,r5
   009E 2C                  484 	add	a,r4
   009F FC                  485 	mov	r4,a
   00A0 EF                  486 	mov	a,r7
   00A1 3E                  487 	addc	a,r6
   00A2 FE                  488 	mov	r6,a
   00A3 8C 02               489 	mov	ar2,r4
   00A5 8E 03               490 	mov	ar3,r6
   00A7 80 C8               491 	sjmp	00101$
   00A9                     492 00103$:
                            493 ;	C:\Users\dht98\DOWNLO~1\NKUST\NKUST_~2\HW11\/keypad.c:68: return value;
   00A9 8A 82               494 	mov	dpl,r2
   00AB 8B 83               495 	mov	dph,r3
   00AD 22                  496 	ret
                            497 ;------------------------------------------------------------
                            498 ;Allocation info for local variables in function 'main'
                            499 ;------------------------------------------------------------
                            500 ;------------------------------------------------------------
                            501 ;	C:\Users\dht98\DOWNLO~1\NKUST\NKUST_~2\HW11\hw11.c:5: void main() {
                            502 ;	-----------------------------------------
                            503 ;	 function main
                            504 ;	-----------------------------------------
   00AE                     505 _main:
                            506 ;	C:\Users\dht98\DOWNLO~1\NKUST\NKUST_~2\HW11\hw11.c:8: }
   00AE 22                  507 	ret
                            508 	.area CSEG    (CODE)
                            509 	.area CONST   (CODE)
                            510 	.area XINIT   (CODE)
                            511 	.area CABS    (ABS,CODE)
