                              1 ;--------------------------------------------------------
                              2 ; File Created by SDCC : free open source ANSI-C Compiler
                              3 ; Version 3.0.1 #6083 (Dec 17 2010) (MINGW32)
                              4 ; This file was generated Mon Dec 05 09:35:51 2022
                              5 ;--------------------------------------------------------
                              6 	.module servo
                              7 	.optsdcc -mmcs51 --model-small
                              8 	
                              9 ;--------------------------------------------------------
                             10 ; Public variables in this module
                             11 ;--------------------------------------------------------
                             12 	.globl _main
                             13 	.globl _CY
                             14 	.globl _AC
                             15 	.globl _F0
                             16 	.globl _RS1
                             17 	.globl _RS0
                             18 	.globl _OV
                             19 	.globl _F1
                             20 	.globl _P
                             21 	.globl _PS
                             22 	.globl _PT1
                             23 	.globl _PX1
                             24 	.globl _PT0
                             25 	.globl _PX0
                             26 	.globl _RD
                             27 	.globl _WR
                             28 	.globl _T1
                             29 	.globl _T0
                             30 	.globl _INT1
                             31 	.globl _INT0
                             32 	.globl _TXD
                             33 	.globl _RXD
                             34 	.globl _P3_7
                             35 	.globl _P3_6
                             36 	.globl _P3_5
                             37 	.globl _P3_4
                             38 	.globl _P3_3
                             39 	.globl _P3_2
                             40 	.globl _P3_1
                             41 	.globl _P3_0
                             42 	.globl _EA
                             43 	.globl _ES
                             44 	.globl _ET1
                             45 	.globl _EX1
                             46 	.globl _ET0
                             47 	.globl _EX0
                             48 	.globl _P2_7
                             49 	.globl _P2_6
                             50 	.globl _P2_5
                             51 	.globl _P2_4
                             52 	.globl _P2_3
                             53 	.globl _P2_2
                             54 	.globl _P2_1
                             55 	.globl _P2_0
                             56 	.globl _SM0
                             57 	.globl _SM1
                             58 	.globl _SM2
                             59 	.globl _REN
                             60 	.globl _TB8
                             61 	.globl _RB8
                             62 	.globl _TI
                             63 	.globl _RI
                             64 	.globl _P1_7
                             65 	.globl _P1_6
                             66 	.globl _P1_5
                             67 	.globl _P1_4
                             68 	.globl _P1_3
                             69 	.globl _P1_2
                             70 	.globl _P1_1
                             71 	.globl _P1_0
                             72 	.globl _TF1
                             73 	.globl _TR1
                             74 	.globl _TF0
                             75 	.globl _TR0
                             76 	.globl _IE1
                             77 	.globl _IT1
                             78 	.globl _IE0
                             79 	.globl _IT0
                             80 	.globl _P0_7
                             81 	.globl _P0_6
                             82 	.globl _P0_5
                             83 	.globl _P0_4
                             84 	.globl _P0_3
                             85 	.globl _P0_2
                             86 	.globl _P0_1
                             87 	.globl _P0_0
                             88 	.globl _B
                             89 	.globl _ACC
                             90 	.globl _PSW
                             91 	.globl _IP
                             92 	.globl _P3
                             93 	.globl _IE
                             94 	.globl _P2
                             95 	.globl _SBUF
                             96 	.globl _SCON
                             97 	.globl _P1
                             98 	.globl _TH1
                             99 	.globl _TH0
                            100 	.globl _TL1
                            101 	.globl _TL0
                            102 	.globl _TMOD
                            103 	.globl _TCON
                            104 	.globl _PCON
                            105 	.globl _DPH
                            106 	.globl _DPL
                            107 	.globl _SP
                            108 	.globl _P0
                            109 	.globl _INT0_ISR
                            110 	.globl _T0_ISR
                            111 	.globl _INT1_ISR
                            112 	.globl _T1_ISR
                            113 	.globl _UART_ISR
                            114 ;--------------------------------------------------------
                            115 ; special function registers
                            116 ;--------------------------------------------------------
                            117 	.area RSEG    (ABS,DATA)
   0000                     118 	.org 0x0000
                    0080    119 _P0	=	0x0080
                    0081    120 _SP	=	0x0081
                    0082    121 _DPL	=	0x0082
                    0083    122 _DPH	=	0x0083
                    0087    123 _PCON	=	0x0087
                    0088    124 _TCON	=	0x0088
                    0089    125 _TMOD	=	0x0089
                    008A    126 _TL0	=	0x008a
                    008B    127 _TL1	=	0x008b
                    008C    128 _TH0	=	0x008c
                    008D    129 _TH1	=	0x008d
                    0090    130 _P1	=	0x0090
                    0098    131 _SCON	=	0x0098
                    0099    132 _SBUF	=	0x0099
                    00A0    133 _P2	=	0x00a0
                    00A8    134 _IE	=	0x00a8
                    00B0    135 _P3	=	0x00b0
                    00B8    136 _IP	=	0x00b8
                    00D0    137 _PSW	=	0x00d0
                    00E0    138 _ACC	=	0x00e0
                    00F0    139 _B	=	0x00f0
                            140 ;--------------------------------------------------------
                            141 ; special function bits
                            142 ;--------------------------------------------------------
                            143 	.area RSEG    (ABS,DATA)
   0000                     144 	.org 0x0000
                    0080    145 _P0_0	=	0x0080
                    0081    146 _P0_1	=	0x0081
                    0082    147 _P0_2	=	0x0082
                    0083    148 _P0_3	=	0x0083
                    0084    149 _P0_4	=	0x0084
                    0085    150 _P0_5	=	0x0085
                    0086    151 _P0_6	=	0x0086
                    0087    152 _P0_7	=	0x0087
                    0088    153 _IT0	=	0x0088
                    0089    154 _IE0	=	0x0089
                    008A    155 _IT1	=	0x008a
                    008B    156 _IE1	=	0x008b
                    008C    157 _TR0	=	0x008c
                    008D    158 _TF0	=	0x008d
                    008E    159 _TR1	=	0x008e
                    008F    160 _TF1	=	0x008f
                    0090    161 _P1_0	=	0x0090
                    0091    162 _P1_1	=	0x0091
                    0092    163 _P1_2	=	0x0092
                    0093    164 _P1_3	=	0x0093
                    0094    165 _P1_4	=	0x0094
                    0095    166 _P1_5	=	0x0095
                    0096    167 _P1_6	=	0x0096
                    0097    168 _P1_7	=	0x0097
                    0098    169 _RI	=	0x0098
                    0099    170 _TI	=	0x0099
                    009A    171 _RB8	=	0x009a
                    009B    172 _TB8	=	0x009b
                    009C    173 _REN	=	0x009c
                    009D    174 _SM2	=	0x009d
                    009E    175 _SM1	=	0x009e
                    009F    176 _SM0	=	0x009f
                    00A0    177 _P2_0	=	0x00a0
                    00A1    178 _P2_1	=	0x00a1
                    00A2    179 _P2_2	=	0x00a2
                    00A3    180 _P2_3	=	0x00a3
                    00A4    181 _P2_4	=	0x00a4
                    00A5    182 _P2_5	=	0x00a5
                    00A6    183 _P2_6	=	0x00a6
                    00A7    184 _P2_7	=	0x00a7
                    00A8    185 _EX0	=	0x00a8
                    00A9    186 _ET0	=	0x00a9
                    00AA    187 _EX1	=	0x00aa
                    00AB    188 _ET1	=	0x00ab
                    00AC    189 _ES	=	0x00ac
                    00AF    190 _EA	=	0x00af
                    00B0    191 _P3_0	=	0x00b0
                    00B1    192 _P3_1	=	0x00b1
                    00B2    193 _P3_2	=	0x00b2
                    00B3    194 _P3_3	=	0x00b3
                    00B4    195 _P3_4	=	0x00b4
                    00B5    196 _P3_5	=	0x00b5
                    00B6    197 _P3_6	=	0x00b6
                    00B7    198 _P3_7	=	0x00b7
                    00B0    199 _RXD	=	0x00b0
                    00B1    200 _TXD	=	0x00b1
                    00B2    201 _INT0	=	0x00b2
                    00B3    202 _INT1	=	0x00b3
                    00B4    203 _T0	=	0x00b4
                    00B5    204 _T1	=	0x00b5
                    00B6    205 _WR	=	0x00b6
                    00B7    206 _RD	=	0x00b7
                    00B8    207 _PX0	=	0x00b8
                    00B9    208 _PT0	=	0x00b9
                    00BA    209 _PX1	=	0x00ba
                    00BB    210 _PT1	=	0x00bb
                    00BC    211 _PS	=	0x00bc
                    00D0    212 _P	=	0x00d0
                    00D1    213 _F1	=	0x00d1
                    00D2    214 _OV	=	0x00d2
                    00D3    215 _RS0	=	0x00d3
                    00D4    216 _RS1	=	0x00d4
                    00D5    217 _F0	=	0x00d5
                    00D6    218 _AC	=	0x00d6
                    00D7    219 _CY	=	0x00d7
                            220 ;--------------------------------------------------------
                            221 ; overlayable register banks
                            222 ;--------------------------------------------------------
                            223 	.area REG_BANK_0	(REL,OVR,DATA)
   0000                     224 	.ds 8
                            225 ;--------------------------------------------------------
                            226 ; internal ram data
                            227 ;--------------------------------------------------------
                            228 	.area DSEG    (DATA)
                            229 ;--------------------------------------------------------
                            230 ; overlayable items in internal ram 
                            231 ;--------------------------------------------------------
                            232 	.area OSEG    (OVR,DATA)
                            233 ;--------------------------------------------------------
                            234 ; Stack segment in internal ram 
                            235 ;--------------------------------------------------------
                            236 	.area	SSEG	(DATA)
   0000                     237 __start__stack:
   0000                     238 	.ds	1
                            239 
                            240 ;--------------------------------------------------------
                            241 ; indirectly addressable internal ram data
                            242 ;--------------------------------------------------------
                            243 	.area ISEG    (DATA)
                            244 ;--------------------------------------------------------
                            245 ; absolute internal ram data
                            246 ;--------------------------------------------------------
                            247 	.area IABS    (ABS,DATA)
                            248 	.area IABS    (ABS,DATA)
                            249 ;--------------------------------------------------------
                            250 ; bit data
                            251 ;--------------------------------------------------------
                            252 	.area BSEG    (BIT)
                            253 ;--------------------------------------------------------
                            254 ; paged external ram data
                            255 ;--------------------------------------------------------
                            256 	.area PSEG    (PAG,XDATA)
                            257 ;--------------------------------------------------------
                            258 ; external ram data
                            259 ;--------------------------------------------------------
                            260 	.area XSEG    (XDATA)
                            261 ;--------------------------------------------------------
                            262 ; absolute external ram data
                            263 ;--------------------------------------------------------
                            264 	.area XABS    (ABS,XDATA)
                            265 ;--------------------------------------------------------
                            266 ; external initialized ram data
                            267 ;--------------------------------------------------------
                            268 	.area XISEG   (XDATA)
                            269 	.area HOME    (CODE)
                            270 	.area GSINIT0 (CODE)
                            271 	.area GSINIT1 (CODE)
                            272 	.area GSINIT2 (CODE)
                            273 	.area GSINIT3 (CODE)
                            274 	.area GSINIT4 (CODE)
                            275 	.area GSINIT5 (CODE)
                            276 	.area GSINIT  (CODE)
                            277 	.area GSFINAL (CODE)
                            278 	.area CSEG    (CODE)
                            279 ;--------------------------------------------------------
                            280 ; interrupt vector 
                            281 ;--------------------------------------------------------
                            282 	.area HOME    (CODE)
   0000                     283 __interrupt_vect:
   0000 02s00r00            284 	ljmp	__sdcc_gsinit_startup
   0003 02s00r39            285 	ljmp	_INT0_ISR
   0006                     286 	.ds	5
   000B 02s00r3A            287 	ljmp	_T0_ISR
   000E                     288 	.ds	5
   0013 02s00r3B            289 	ljmp	_INT1_ISR
   0016                     290 	.ds	5
   001B 02s00r3C            291 	ljmp	_T1_ISR
   001E                     292 	.ds	5
   0023 02s00r3D            293 	ljmp	_UART_ISR
                            294 ;--------------------------------------------------------
                            295 ; global & static initialisations
                            296 ;--------------------------------------------------------
                            297 	.area HOME    (CODE)
                            298 	.area GSINIT  (CODE)
                            299 	.area GSFINAL (CODE)
                            300 	.area GSINIT  (CODE)
                            301 	.globl __sdcc_gsinit_startup
                            302 	.globl __sdcc_program_startup
                            303 	.globl __start__stack
                            304 	.globl __mcs51_genXINIT
                            305 	.globl __mcs51_genXRAMCLEAR
                            306 	.globl __mcs51_genRAMCLEAR
                            307 	.area GSFINAL (CODE)
   0000 02s00r26            308 	ljmp	__sdcc_program_startup
                            309 ;--------------------------------------------------------
                            310 ; Home
                            311 ;--------------------------------------------------------
                            312 	.area HOME    (CODE)
                            313 	.area HOME    (CODE)
   0026                     314 __sdcc_program_startup:
   0026 12s00r00            315 	lcall	_main
                            316 ;	return from main will lock up
   0029 80 FE               317 	sjmp .
                            318 ;--------------------------------------------------------
                            319 ; code
                            320 ;--------------------------------------------------------
                            321 	.area CSEG    (CODE)
                            322 ;------------------------------------------------------------
                            323 ;Allocation info for local variables in function 'main'
                            324 ;------------------------------------------------------------
                            325 ;i                         Allocated to registers r2 r3 
                            326 ;------------------------------------------------------------
                            327 ;	C:\Users\dht98\DOWNLO~1\NKUST\NKUST_~2\HW14\servo.c:10: void main(void)
                            328 ;	-----------------------------------------
                            329 ;	 function main
                            330 ;	-----------------------------------------
   0000                     331 _main:
                    0002    332 	ar2 = 0x02
                    0003    333 	ar3 = 0x03
                    0004    334 	ar4 = 0x04
                    0005    335 	ar5 = 0x05
                    0006    336 	ar6 = 0x06
                    0007    337 	ar7 = 0x07
                    0000    338 	ar0 = 0x00
                    0001    339 	ar1 = 0x01
                            340 ;	C:\Users\dht98\DOWNLO~1\NKUST\NKUST_~2\HW14\servo.c:13: while(1)
   0000                     341 00102$:
                            342 ;	C:\Users\dht98\DOWNLO~1\NKUST\NKUST_~2\HW14\servo.c:15: P3_0=1;
   0000 D2 B0               343 	setb	_P3_0
                            344 ;	C:\Users\dht98\DOWNLO~1\NKUST\NKUST_~2\HW14\servo.c:16: for(i=0;i<P0;i++);
   0002 7A 00               345 	mov	r2,#0x00
   0004 7B 00               346 	mov	r3,#0x00
   0006                     347 00104$:
   0006 AC 80               348 	mov	r4,_P0
   0008 7D 00               349 	mov	r5,#0x00
   000A C3                  350 	clr	c
   000B EA                  351 	mov	a,r2
   000C 9C                  352 	subb	a,r4
   000D EB                  353 	mov	a,r3
   000E 64 80               354 	xrl	a,#0x80
   0010 8D F0               355 	mov	b,r5
   0012 63 F0 80            356 	xrl	b,#0x80
   0015 95 F0               357 	subb	a,b
   0017 50 07               358 	jnc	00107$
   0019 0A                  359 	inc	r2
   001A BA 00 E9            360 	cjne	r2,#0x00,00104$
   001D 0B                  361 	inc	r3
   001E 80 E6               362 	sjmp	00104$
   0020                     363 00107$:
                            364 ;	C:\Users\dht98\DOWNLO~1\NKUST\NKUST_~2\HW14\servo.c:17: P3_0=0;
   0020 C2 B0               365 	clr	_P3_0
                            366 ;	C:\Users\dht98\DOWNLO~1\NKUST\NKUST_~2\HW14\servo.c:18: for(i=P0;i<255;i++);
   0022 AA 80               367 	mov	r2,_P0
   0024 7B 00               368 	mov	r3,#0x00
   0026 74 FF               369 	mov	a,#0xFF
   0028 C3                  370 	clr	c
   0029 9A                  371 	subb	a,r2
   002A FA                  372 	mov	r2,a
   002B E4                  373 	clr	a
   002C 9B                  374 	subb	a,r3
   002D FB                  375 	mov	r3,a
   002E                     376 00110$:
   002E 1A                  377 	dec	r2
   002F BA FF 01            378 	cjne	r2,#0xff,00121$
   0032 1B                  379 	dec	r3
   0033                     380 00121$:
   0033 EA                  381 	mov	a,r2
   0034 4B                  382 	orl	a,r3
   0035 70 F7               383 	jnz	00110$
   0037 80 C7               384 	sjmp	00102$
                            385 ;------------------------------------------------------------
                            386 ;Allocation info for local variables in function 'INT0_ISR'
                            387 ;------------------------------------------------------------
                            388 ;------------------------------------------------------------
                            389 ;	C:\Users\dht98\DOWNLO~1\NKUST\NKUST_~2\HW14\servo.c:22: void INT0_ISR(void) __interrupt 0
                            390 ;	-----------------------------------------
                            391 ;	 function INT0_ISR
                            392 ;	-----------------------------------------
   0039                     393 _INT0_ISR:
                            394 ;	C:\Users\dht98\DOWNLO~1\NKUST\NKUST_~2\HW14\servo.c:23: {}
   0039 32                  395 	reti
                            396 ;	eliminated unneeded push/pop psw
                            397 ;	eliminated unneeded push/pop dpl
                            398 ;	eliminated unneeded push/pop dph
                            399 ;	eliminated unneeded push/pop b
                            400 ;	eliminated unneeded push/pop acc
                            401 ;------------------------------------------------------------
                            402 ;Allocation info for local variables in function 'T0_ISR'
                            403 ;------------------------------------------------------------
                            404 ;------------------------------------------------------------
                            405 ;	C:\Users\dht98\DOWNLO~1\NKUST\NKUST_~2\HW14\servo.c:24: void T0_ISR(void) __interrupt 1
                            406 ;	-----------------------------------------
                            407 ;	 function T0_ISR
                            408 ;	-----------------------------------------
   003A                     409 _T0_ISR:
                            410 ;	C:\Users\dht98\DOWNLO~1\NKUST\NKUST_~2\HW14\servo.c:25: {}
   003A 32                  411 	reti
                            412 ;	eliminated unneeded push/pop psw
                            413 ;	eliminated unneeded push/pop dpl
                            414 ;	eliminated unneeded push/pop dph
                            415 ;	eliminated unneeded push/pop b
                            416 ;	eliminated unneeded push/pop acc
                            417 ;------------------------------------------------------------
                            418 ;Allocation info for local variables in function 'INT1_ISR'
                            419 ;------------------------------------------------------------
                            420 ;------------------------------------------------------------
                            421 ;	C:\Users\dht98\DOWNLO~1\NKUST\NKUST_~2\HW14\servo.c:26: void INT1_ISR(void) __interrupt 2
                            422 ;	-----------------------------------------
                            423 ;	 function INT1_ISR
                            424 ;	-----------------------------------------
   003B                     425 _INT1_ISR:
                            426 ;	C:\Users\dht98\DOWNLO~1\NKUST\NKUST_~2\HW14\servo.c:27: {}
   003B 32                  427 	reti
                            428 ;	eliminated unneeded push/pop psw
                            429 ;	eliminated unneeded push/pop dpl
                            430 ;	eliminated unneeded push/pop dph
                            431 ;	eliminated unneeded push/pop b
                            432 ;	eliminated unneeded push/pop acc
                            433 ;------------------------------------------------------------
                            434 ;Allocation info for local variables in function 'T1_ISR'
                            435 ;------------------------------------------------------------
                            436 ;------------------------------------------------------------
                            437 ;	C:\Users\dht98\DOWNLO~1\NKUST\NKUST_~2\HW14\servo.c:28: void T1_ISR(void) __interrupt 3
                            438 ;	-----------------------------------------
                            439 ;	 function T1_ISR
                            440 ;	-----------------------------------------
   003C                     441 _T1_ISR:
                            442 ;	C:\Users\dht98\DOWNLO~1\NKUST\NKUST_~2\HW14\servo.c:29: {}
   003C 32                  443 	reti
                            444 ;	eliminated unneeded push/pop psw
                            445 ;	eliminated unneeded push/pop dpl
                            446 ;	eliminated unneeded push/pop dph
                            447 ;	eliminated unneeded push/pop b
                            448 ;	eliminated unneeded push/pop acc
                            449 ;------------------------------------------------------------
                            450 ;Allocation info for local variables in function 'UART_ISR'
                            451 ;------------------------------------------------------------
                            452 ;------------------------------------------------------------
                            453 ;	C:\Users\dht98\DOWNLO~1\NKUST\NKUST_~2\HW14\servo.c:30: void UART_ISR(void) __interrupt 4
                            454 ;	-----------------------------------------
                            455 ;	 function UART_ISR
                            456 ;	-----------------------------------------
   003D                     457 _UART_ISR:
                            458 ;	C:\Users\dht98\DOWNLO~1\NKUST\NKUST_~2\HW14\servo.c:31: {}
   003D 32                  459 	reti
                            460 ;	eliminated unneeded push/pop psw
                            461 ;	eliminated unneeded push/pop dpl
                            462 ;	eliminated unneeded push/pop dph
                            463 ;	eliminated unneeded push/pop b
                            464 ;	eliminated unneeded push/pop acc
                            465 	.area CSEG    (CODE)
                            466 	.area CONST   (CODE)
                            467 	.area XINIT   (CODE)
                            468 	.area CABS    (ABS,CODE)
