                              1 ;--------------------------------------------------------
                              2 ; File Created by SDCC : free open source ANSI-C Compiler
                              3 ; Version 3.0.1 #6083 (Dec 17 2010) (MINGW32)
                              4 ; This file was generated Wed Nov 02 17:37:19 2022
                              5 ;--------------------------------------------------------
                              6 	.module hw9
                              7 	.optsdcc -mmcs51 --model-small
                              8 	
                              9 ;--------------------------------------------------------
                             10 ; Public variables in this module
                             11 ;--------------------------------------------------------
                             12 	.globl _main
                             13 	.globl _delay
                             14 	.globl _CY
                             15 	.globl _AC
                             16 	.globl _F0
                             17 	.globl _RS1
                             18 	.globl _RS0
                             19 	.globl _OV
                             20 	.globl _F1
                             21 	.globl _P
                             22 	.globl _PS
                             23 	.globl _PT1
                             24 	.globl _PX1
                             25 	.globl _PT0
                             26 	.globl _PX0
                             27 	.globl _RD
                             28 	.globl _WR
                             29 	.globl _T1
                             30 	.globl _T0
                             31 	.globl _INT1
                             32 	.globl _INT0
                             33 	.globl _TXD
                             34 	.globl _RXD
                             35 	.globl _P3_7
                             36 	.globl _P3_6
                             37 	.globl _P3_5
                             38 	.globl _P3_4
                             39 	.globl _P3_3
                             40 	.globl _P3_2
                             41 	.globl _P3_1
                             42 	.globl _P3_0
                             43 	.globl _EA
                             44 	.globl _ES
                             45 	.globl _ET1
                             46 	.globl _EX1
                             47 	.globl _ET0
                             48 	.globl _EX0
                             49 	.globl _P2_7
                             50 	.globl _P2_6
                             51 	.globl _P2_5
                             52 	.globl _P2_4
                             53 	.globl _P2_3
                             54 	.globl _P2_2
                             55 	.globl _P2_1
                             56 	.globl _P2_0
                             57 	.globl _SM0
                             58 	.globl _SM1
                             59 	.globl _SM2
                             60 	.globl _REN
                             61 	.globl _TB8
                             62 	.globl _RB8
                             63 	.globl _TI
                             64 	.globl _RI
                             65 	.globl _P1_7
                             66 	.globl _P1_6
                             67 	.globl _P1_5
                             68 	.globl _P1_4
                             69 	.globl _P1_3
                             70 	.globl _P1_2
                             71 	.globl _P1_1
                             72 	.globl _P1_0
                             73 	.globl _TF1
                             74 	.globl _TR1
                             75 	.globl _TF0
                             76 	.globl _TR0
                             77 	.globl _IE1
                             78 	.globl _IT1
                             79 	.globl _IE0
                             80 	.globl _IT0
                             81 	.globl _P0_7
                             82 	.globl _P0_6
                             83 	.globl _P0_5
                             84 	.globl _P0_4
                             85 	.globl _P0_3
                             86 	.globl _P0_2
                             87 	.globl _P0_1
                             88 	.globl _P0_0
                             89 	.globl _B
                             90 	.globl _ACC
                             91 	.globl _PSW
                             92 	.globl _IP
                             93 	.globl _P3
                             94 	.globl _IE
                             95 	.globl _P2
                             96 	.globl _SBUF
                             97 	.globl _SCON
                             98 	.globl _P1
                             99 	.globl _TH1
                            100 	.globl _TH0
                            101 	.globl _TL1
                            102 	.globl _TL0
                            103 	.globl _TMOD
                            104 	.globl _TCON
                            105 	.globl _PCON
                            106 	.globl _DPH
                            107 	.globl _DPL
                            108 	.globl _SP
                            109 	.globl _P0
                            110 ;--------------------------------------------------------
                            111 ; special function registers
                            112 ;--------------------------------------------------------
                            113 	.area RSEG    (ABS,DATA)
   0000                     114 	.org 0x0000
                    0080    115 _P0	=	0x0080
                    0081    116 _SP	=	0x0081
                    0082    117 _DPL	=	0x0082
                    0083    118 _DPH	=	0x0083
                    0087    119 _PCON	=	0x0087
                    0088    120 _TCON	=	0x0088
                    0089    121 _TMOD	=	0x0089
                    008A    122 _TL0	=	0x008a
                    008B    123 _TL1	=	0x008b
                    008C    124 _TH0	=	0x008c
                    008D    125 _TH1	=	0x008d
                    0090    126 _P1	=	0x0090
                    0098    127 _SCON	=	0x0098
                    0099    128 _SBUF	=	0x0099
                    00A0    129 _P2	=	0x00a0
                    00A8    130 _IE	=	0x00a8
                    00B0    131 _P3	=	0x00b0
                    00B8    132 _IP	=	0x00b8
                    00D0    133 _PSW	=	0x00d0
                    00E0    134 _ACC	=	0x00e0
                    00F0    135 _B	=	0x00f0
                            136 ;--------------------------------------------------------
                            137 ; special function bits
                            138 ;--------------------------------------------------------
                            139 	.area RSEG    (ABS,DATA)
   0000                     140 	.org 0x0000
                    0080    141 _P0_0	=	0x0080
                    0081    142 _P0_1	=	0x0081
                    0082    143 _P0_2	=	0x0082
                    0083    144 _P0_3	=	0x0083
                    0084    145 _P0_4	=	0x0084
                    0085    146 _P0_5	=	0x0085
                    0086    147 _P0_6	=	0x0086
                    0087    148 _P0_7	=	0x0087
                    0088    149 _IT0	=	0x0088
                    0089    150 _IE0	=	0x0089
                    008A    151 _IT1	=	0x008a
                    008B    152 _IE1	=	0x008b
                    008C    153 _TR0	=	0x008c
                    008D    154 _TF0	=	0x008d
                    008E    155 _TR1	=	0x008e
                    008F    156 _TF1	=	0x008f
                    0090    157 _P1_0	=	0x0090
                    0091    158 _P1_1	=	0x0091
                    0092    159 _P1_2	=	0x0092
                    0093    160 _P1_3	=	0x0093
                    0094    161 _P1_4	=	0x0094
                    0095    162 _P1_5	=	0x0095
                    0096    163 _P1_6	=	0x0096
                    0097    164 _P1_7	=	0x0097
                    0098    165 _RI	=	0x0098
                    0099    166 _TI	=	0x0099
                    009A    167 _RB8	=	0x009a
                    009B    168 _TB8	=	0x009b
                    009C    169 _REN	=	0x009c
                    009D    170 _SM2	=	0x009d
                    009E    171 _SM1	=	0x009e
                    009F    172 _SM0	=	0x009f
                    00A0    173 _P2_0	=	0x00a0
                    00A1    174 _P2_1	=	0x00a1
                    00A2    175 _P2_2	=	0x00a2
                    00A3    176 _P2_3	=	0x00a3
                    00A4    177 _P2_4	=	0x00a4
                    00A5    178 _P2_5	=	0x00a5
                    00A6    179 _P2_6	=	0x00a6
                    00A7    180 _P2_7	=	0x00a7
                    00A8    181 _EX0	=	0x00a8
                    00A9    182 _ET0	=	0x00a9
                    00AA    183 _EX1	=	0x00aa
                    00AB    184 _ET1	=	0x00ab
                    00AC    185 _ES	=	0x00ac
                    00AF    186 _EA	=	0x00af
                    00B0    187 _P3_0	=	0x00b0
                    00B1    188 _P3_1	=	0x00b1
                    00B2    189 _P3_2	=	0x00b2
                    00B3    190 _P3_3	=	0x00b3
                    00B4    191 _P3_4	=	0x00b4
                    00B5    192 _P3_5	=	0x00b5
                    00B6    193 _P3_6	=	0x00b6
                    00B7    194 _P3_7	=	0x00b7
                    00B0    195 _RXD	=	0x00b0
                    00B1    196 _TXD	=	0x00b1
                    00B2    197 _INT0	=	0x00b2
                    00B3    198 _INT1	=	0x00b3
                    00B4    199 _T0	=	0x00b4
                    00B5    200 _T1	=	0x00b5
                    00B6    201 _WR	=	0x00b6
                    00B7    202 _RD	=	0x00b7
                    00B8    203 _PX0	=	0x00b8
                    00B9    204 _PT0	=	0x00b9
                    00BA    205 _PX1	=	0x00ba
                    00BB    206 _PT1	=	0x00bb
                    00BC    207 _PS	=	0x00bc
                    00D0    208 _P	=	0x00d0
                    00D1    209 _F1	=	0x00d1
                    00D2    210 _OV	=	0x00d2
                    00D3    211 _RS0	=	0x00d3
                    00D4    212 _RS1	=	0x00d4
                    00D5    213 _F0	=	0x00d5
                    00D6    214 _AC	=	0x00d6
                    00D7    215 _CY	=	0x00d7
                            216 ;--------------------------------------------------------
                            217 ; overlayable register banks
                            218 ;--------------------------------------------------------
                            219 	.area REG_BANK_0	(REL,OVR,DATA)
   0000                     220 	.ds 8
                            221 ;--------------------------------------------------------
                            222 ; internal ram data
                            223 ;--------------------------------------------------------
                            224 	.area DSEG    (DATA)
                            225 ;--------------------------------------------------------
                            226 ; overlayable items in internal ram 
                            227 ;--------------------------------------------------------
                            228 	.area OSEG    (OVR,DATA)
                            229 ;--------------------------------------------------------
                            230 ; Stack segment in internal ram 
                            231 ;--------------------------------------------------------
                            232 	.area	SSEG	(DATA)
   0000                     233 __start__stack:
   0000                     234 	.ds	1
                            235 
                            236 ;--------------------------------------------------------
                            237 ; indirectly addressable internal ram data
                            238 ;--------------------------------------------------------
                            239 	.area ISEG    (DATA)
                            240 ;--------------------------------------------------------
                            241 ; absolute internal ram data
                            242 ;--------------------------------------------------------
                            243 	.area IABS    (ABS,DATA)
                            244 	.area IABS    (ABS,DATA)
                            245 ;--------------------------------------------------------
                            246 ; bit data
                            247 ;--------------------------------------------------------
                            248 	.area BSEG    (BIT)
                            249 ;--------------------------------------------------------
                            250 ; paged external ram data
                            251 ;--------------------------------------------------------
                            252 	.area PSEG    (PAG,XDATA)
                            253 ;--------------------------------------------------------
                            254 ; external ram data
                            255 ;--------------------------------------------------------
                            256 	.area XSEG    (XDATA)
                            257 ;--------------------------------------------------------
                            258 ; absolute external ram data
                            259 ;--------------------------------------------------------
                            260 	.area XABS    (ABS,XDATA)
                            261 ;--------------------------------------------------------
                            262 ; external initialized ram data
                            263 ;--------------------------------------------------------
                            264 	.area XISEG   (XDATA)
                            265 	.area HOME    (CODE)
                            266 	.area GSINIT0 (CODE)
                            267 	.area GSINIT1 (CODE)
                            268 	.area GSINIT2 (CODE)
                            269 	.area GSINIT3 (CODE)
                            270 	.area GSINIT4 (CODE)
                            271 	.area GSINIT5 (CODE)
                            272 	.area GSINIT  (CODE)
                            273 	.area GSFINAL (CODE)
                            274 	.area CSEG    (CODE)
                            275 ;--------------------------------------------------------
                            276 ; interrupt vector 
                            277 ;--------------------------------------------------------
                            278 	.area HOME    (CODE)
   0000                     279 __interrupt_vect:
   0000 02s00r00            280 	ljmp	__sdcc_gsinit_startup
                            281 ;--------------------------------------------------------
                            282 ; global & static initialisations
                            283 ;--------------------------------------------------------
                            284 	.area HOME    (CODE)
                            285 	.area GSINIT  (CODE)
                            286 	.area GSFINAL (CODE)
                            287 	.area GSINIT  (CODE)
                            288 	.globl __sdcc_gsinit_startup
                            289 	.globl __sdcc_program_startup
                            290 	.globl __start__stack
                            291 	.globl __mcs51_genXINIT
                            292 	.globl __mcs51_genXRAMCLEAR
                            293 	.globl __mcs51_genRAMCLEAR
                            294 	.area GSFINAL (CODE)
   0000 02s00r03            295 	ljmp	__sdcc_program_startup
                            296 ;--------------------------------------------------------
                            297 ; Home
                            298 ;--------------------------------------------------------
                            299 	.area HOME    (CODE)
                            300 	.area HOME    (CODE)
   0003                     301 __sdcc_program_startup:
   0003 12s00r1F            302 	lcall	_main
                            303 ;	return from main will lock up
   0006 80 FE               304 	sjmp .
                            305 ;--------------------------------------------------------
                            306 ; code
                            307 ;--------------------------------------------------------
                            308 	.area CSEG    (CODE)
                            309 ;------------------------------------------------------------
                            310 ;Allocation info for local variables in function 'delay'
                            311 ;------------------------------------------------------------
                            312 ;t                         Allocated to registers r2 r3 
                            313 ;i                         Allocated to registers r4 r5 
                            314 ;------------------------------------------------------------
                            315 ;	C:\Users\dht98\DOWNLO~1\NKUST\NKUST_~2\1024\HW9\hw9.c:2: void delay(int t){
                            316 ;	-----------------------------------------
                            317 ;	 function delay
                            318 ;	-----------------------------------------
   0000                     319 _delay:
                    0002    320 	ar2 = 0x02
                    0003    321 	ar3 = 0x03
                    0004    322 	ar4 = 0x04
                    0005    323 	ar5 = 0x05
                    0006    324 	ar6 = 0x06
                    0007    325 	ar7 = 0x07
                    0000    326 	ar0 = 0x00
                    0001    327 	ar1 = 0x01
   0000 AA 82               328 	mov	r2,dpl
   0002 AB 83               329 	mov	r3,dph
                            330 ;	C:\Users\dht98\DOWNLO~1\NKUST\NKUST_~2\1024\HW9\hw9.c:4: for(i=0;i<t;i++){}
   0004 7C 00               331 	mov	r4,#0x00
   0006 7D 00               332 	mov	r5,#0x00
   0008                     333 00101$:
   0008 C3                  334 	clr	c
   0009 EC                  335 	mov	a,r4
   000A 9A                  336 	subb	a,r2
   000B ED                  337 	mov	a,r5
   000C 64 80               338 	xrl	a,#0x80
   000E 8B F0               339 	mov	b,r3
   0010 63 F0 80            340 	xrl	b,#0x80
   0013 95 F0               341 	subb	a,b
   0015 50 07               342 	jnc	00105$
   0017 0C                  343 	inc	r4
   0018 BC 00 ED            344 	cjne	r4,#0x00,00101$
   001B 0D                  345 	inc	r5
   001C 80 EA               346 	sjmp	00101$
   001E                     347 00105$:
   001E 22                  348 	ret
                            349 ;------------------------------------------------------------
                            350 ;Allocation info for local variables in function 'main'
                            351 ;------------------------------------------------------------
                            352 ;j                         Allocated to registers 
                            353 ;------------------------------------------------------------
                            354 ;	C:\Users\dht98\DOWNLO~1\NKUST\NKUST_~2\1024\HW9\hw9.c:6: void main(){
                            355 ;	-----------------------------------------
                            356 ;	 function main
                            357 ;	-----------------------------------------
   001F                     358 _main:
                            359 ;	C:\Users\dht98\DOWNLO~1\NKUST\NKUST_~2\1024\HW9\hw9.c:8: while(1){
   001F                     360 00102$:
                            361 ;	C:\Users\dht98\DOWNLO~1\NKUST\NKUST_~2\1024\HW9\hw9.c:9: P2=0;
   001F 75 A0 00            362 	mov	_P2,#0x00
                            363 ;	C:\Users\dht98\DOWNLO~1\NKUST\NKUST_~2\1024\HW9\hw9.c:10: delay(10000);
   0022 90 27 10            364 	mov	dptr,#0x2710
   0025 12s00r00            365 	lcall	_delay
                            366 ;	C:\Users\dht98\DOWNLO~1\NKUST\NKUST_~2\1024\HW9\hw9.c:11: P2=1;
   0028 75 A0 01            367 	mov	_P2,#0x01
                            368 ;	C:\Users\dht98\DOWNLO~1\NKUST\NKUST_~2\1024\HW9\hw9.c:12: delay(10000);
   002B 90 27 10            369 	mov	dptr,#0x2710
   002E 12s00r00            370 	lcall	_delay
   0031 80 EC               371 	sjmp	00102$
                            372 	.area CSEG    (CODE)
                            373 	.area CONST   (CODE)
                            374 	.area XINIT   (CODE)
                            375 	.area CABS    (ABS,CODE)
