                              1 ;--------------------------------------------------------
                              2 ; File Created by SDCC : free open source ANSI-C Compiler
                              3 ; Version 3.0.1 #6083 (Dec 17 2010) (MINGW32)
                              4 ; This file was generated Mon Dec 26 11:31:34 2022
                              5 ;--------------------------------------------------------
                              6 	.module DHT11_ex
                              7 	.optsdcc -mmcs51 --model-small
                              8 	
                              9 ;--------------------------------------------------------
                             10 ; Public variables in this module
                             11 ;--------------------------------------------------------
                             12 	.globl _ASCII
                             13 	.globl _main
                             14 	.globl _delay
                             15 	.globl _DHT11_Read
                             16 	.globl _DHT11_Read_Bit
                             17 	.globl _ACC_7
                             18 	.globl _CY
                             19 	.globl _AC
                             20 	.globl _F0
                             21 	.globl _RS1
                             22 	.globl _RS0
                             23 	.globl _OV
                             24 	.globl _F1
                             25 	.globl _P
                             26 	.globl _PS
                             27 	.globl _PT1
                             28 	.globl _PX1
                             29 	.globl _PT0
                             30 	.globl _PX0
                             31 	.globl _RD
                             32 	.globl _WR
                             33 	.globl _T1
                             34 	.globl _T0
                             35 	.globl _INT1
                             36 	.globl _INT0
                             37 	.globl _TXD
                             38 	.globl _RXD
                             39 	.globl _P3_7
                             40 	.globl _P3_6
                             41 	.globl _P3_5
                             42 	.globl _P3_4
                             43 	.globl _P3_3
                             44 	.globl _P3_2
                             45 	.globl _P3_1
                             46 	.globl _P3_0
                             47 	.globl _EA
                             48 	.globl _ES
                             49 	.globl _ET1
                             50 	.globl _EX1
                             51 	.globl _ET0
                             52 	.globl _EX0
                             53 	.globl _P2_7
                             54 	.globl _P2_6
                             55 	.globl _P2_5
                             56 	.globl _P2_4
                             57 	.globl _P2_3
                             58 	.globl _P2_2
                             59 	.globl _P2_1
                             60 	.globl _P2_0
                             61 	.globl _SM0
                             62 	.globl _SM1
                             63 	.globl _SM2
                             64 	.globl _REN
                             65 	.globl _TB8
                             66 	.globl _RB8
                             67 	.globl _TI
                             68 	.globl _RI
                             69 	.globl _P1_7
                             70 	.globl _P1_6
                             71 	.globl _P1_5
                             72 	.globl _P1_4
                             73 	.globl _P1_3
                             74 	.globl _P1_2
                             75 	.globl _P1_1
                             76 	.globl _P1_0
                             77 	.globl _TF1
                             78 	.globl _TR1
                             79 	.globl _TF0
                             80 	.globl _TR0
                             81 	.globl _IE1
                             82 	.globl _IT1
                             83 	.globl _IE0
                             84 	.globl _IT0
                             85 	.globl _P0_7
                             86 	.globl _P0_6
                             87 	.globl _P0_5
                             88 	.globl _P0_4
                             89 	.globl _P0_3
                             90 	.globl _P0_2
                             91 	.globl _P0_1
                             92 	.globl _P0_0
                             93 	.globl _B
                             94 	.globl _ACC
                             95 	.globl _PSW
                             96 	.globl _IP
                             97 	.globl _P3
                             98 	.globl _IE
                             99 	.globl _P2
                            100 	.globl _SBUF
                            101 	.globl _SCON
                            102 	.globl _P1
                            103 	.globl _TH1
                            104 	.globl _TH0
                            105 	.globl _TL1
                            106 	.globl _TL0
                            107 	.globl _TMOD
                            108 	.globl _TCON
                            109 	.globl _PCON
                            110 	.globl _DPH
                            111 	.globl _DPL
                            112 	.globl _SP
                            113 	.globl _P0
                            114 	.globl _clcd_initialize
                            115 	.globl _clcd_write_instruction
                            116 	.globl _clcd_wait
                            117 	.globl _clcd_cls
                            118 	.globl _clcd_set_cursor
                            119 	.globl _clcd_put_char
                            120 	.globl _clcd_put_string
                            121 	.globl _clcd_put_byte
                            122 	.globl _clcd_put_word
                            123 	.globl _i2s
                            124 	.globl _clcd_put_int
                            125 ;--------------------------------------------------------
                            126 ; special function registers
                            127 ;--------------------------------------------------------
                            128 	.area RSEG    (ABS,DATA)
   0000                     129 	.org 0x0000
                    0080    130 _P0	=	0x0080
                    0081    131 _SP	=	0x0081
                    0082    132 _DPL	=	0x0082
                    0083    133 _DPH	=	0x0083
                    0087    134 _PCON	=	0x0087
                    0088    135 _TCON	=	0x0088
                    0089    136 _TMOD	=	0x0089
                    008A    137 _TL0	=	0x008a
                    008B    138 _TL1	=	0x008b
                    008C    139 _TH0	=	0x008c
                    008D    140 _TH1	=	0x008d
                    0090    141 _P1	=	0x0090
                    0098    142 _SCON	=	0x0098
                    0099    143 _SBUF	=	0x0099
                    00A0    144 _P2	=	0x00a0
                    00A8    145 _IE	=	0x00a8
                    00B0    146 _P3	=	0x00b0
                    00B8    147 _IP	=	0x00b8
                    00D0    148 _PSW	=	0x00d0
                    00E0    149 _ACC	=	0x00e0
                    00F0    150 _B	=	0x00f0
                            151 ;--------------------------------------------------------
                            152 ; special function bits
                            153 ;--------------------------------------------------------
                            154 	.area RSEG    (ABS,DATA)
   0000                     155 	.org 0x0000
                    0080    156 _P0_0	=	0x0080
                    0081    157 _P0_1	=	0x0081
                    0082    158 _P0_2	=	0x0082
                    0083    159 _P0_3	=	0x0083
                    0084    160 _P0_4	=	0x0084
                    0085    161 _P0_5	=	0x0085
                    0086    162 _P0_6	=	0x0086
                    0087    163 _P0_7	=	0x0087
                    0088    164 _IT0	=	0x0088
                    0089    165 _IE0	=	0x0089
                    008A    166 _IT1	=	0x008a
                    008B    167 _IE1	=	0x008b
                    008C    168 _TR0	=	0x008c
                    008D    169 _TF0	=	0x008d
                    008E    170 _TR1	=	0x008e
                    008F    171 _TF1	=	0x008f
                    0090    172 _P1_0	=	0x0090
                    0091    173 _P1_1	=	0x0091
                    0092    174 _P1_2	=	0x0092
                    0093    175 _P1_3	=	0x0093
                    0094    176 _P1_4	=	0x0094
                    0095    177 _P1_5	=	0x0095
                    0096    178 _P1_6	=	0x0096
                    0097    179 _P1_7	=	0x0097
                    0098    180 _RI	=	0x0098
                    0099    181 _TI	=	0x0099
                    009A    182 _RB8	=	0x009a
                    009B    183 _TB8	=	0x009b
                    009C    184 _REN	=	0x009c
                    009D    185 _SM2	=	0x009d
                    009E    186 _SM1	=	0x009e
                    009F    187 _SM0	=	0x009f
                    00A0    188 _P2_0	=	0x00a0
                    00A1    189 _P2_1	=	0x00a1
                    00A2    190 _P2_2	=	0x00a2
                    00A3    191 _P2_3	=	0x00a3
                    00A4    192 _P2_4	=	0x00a4
                    00A5    193 _P2_5	=	0x00a5
                    00A6    194 _P2_6	=	0x00a6
                    00A7    195 _P2_7	=	0x00a7
                    00A8    196 _EX0	=	0x00a8
                    00A9    197 _ET0	=	0x00a9
                    00AA    198 _EX1	=	0x00aa
                    00AB    199 _ET1	=	0x00ab
                    00AC    200 _ES	=	0x00ac
                    00AF    201 _EA	=	0x00af
                    00B0    202 _P3_0	=	0x00b0
                    00B1    203 _P3_1	=	0x00b1
                    00B2    204 _P3_2	=	0x00b2
                    00B3    205 _P3_3	=	0x00b3
                    00B4    206 _P3_4	=	0x00b4
                    00B5    207 _P3_5	=	0x00b5
                    00B6    208 _P3_6	=	0x00b6
                    00B7    209 _P3_7	=	0x00b7
                    00B0    210 _RXD	=	0x00b0
                    00B1    211 _TXD	=	0x00b1
                    00B2    212 _INT0	=	0x00b2
                    00B3    213 _INT1	=	0x00b3
                    00B4    214 _T0	=	0x00b4
                    00B5    215 _T1	=	0x00b5
                    00B6    216 _WR	=	0x00b6
                    00B7    217 _RD	=	0x00b7
                    00B8    218 _PX0	=	0x00b8
                    00B9    219 _PT0	=	0x00b9
                    00BA    220 _PX1	=	0x00ba
                    00BB    221 _PT1	=	0x00bb
                    00BC    222 _PS	=	0x00bc
                    00D0    223 _P	=	0x00d0
                    00D1    224 _F1	=	0x00d1
                    00D2    225 _OV	=	0x00d2
                    00D3    226 _RS0	=	0x00d3
                    00D4    227 _RS1	=	0x00d4
                    00D5    228 _F0	=	0x00d5
                    00D6    229 _AC	=	0x00d6
                    00D7    230 _CY	=	0x00d7
                    00E7    231 _ACC_7	=	0x00e7
                            232 ;--------------------------------------------------------
                            233 ; overlayable register banks
                            234 ;--------------------------------------------------------
                            235 	.area REG_BANK_0	(REL,OVR,DATA)
   0000                     236 	.ds 8
                            237 ;--------------------------------------------------------
                            238 ; internal ram data
                            239 ;--------------------------------------------------------
                            240 	.area DSEG    (DATA)
                            241 ;--------------------------------------------------------
                            242 ; overlayable items in internal ram 
                            243 ;--------------------------------------------------------
                            244 	.area OSEG    (OVR,DATA)
                            245 ;--------------------------------------------------------
                            246 ; Stack segment in internal ram 
                            247 ;--------------------------------------------------------
                            248 	.area	SSEG	(DATA)
   0000                     249 __start__stack:
   0000                     250 	.ds	1
                            251 
                            252 ;--------------------------------------------------------
                            253 ; indirectly addressable internal ram data
                            254 ;--------------------------------------------------------
                            255 	.area ISEG    (DATA)
                            256 ;--------------------------------------------------------
                            257 ; absolute internal ram data
                            258 ;--------------------------------------------------------
                            259 	.area IABS    (ABS,DATA)
                            260 	.area IABS    (ABS,DATA)
                            261 ;--------------------------------------------------------
                            262 ; bit data
                            263 ;--------------------------------------------------------
                            264 	.area BSEG    (BIT)
                            265 ;--------------------------------------------------------
                            266 ; paged external ram data
                            267 ;--------------------------------------------------------
                            268 	.area PSEG    (PAG,XDATA)
                            269 ;--------------------------------------------------------
                            270 ; external ram data
                            271 ;--------------------------------------------------------
                            272 	.area XSEG    (XDATA)
                            273 ;--------------------------------------------------------
                            274 ; absolute external ram data
                            275 ;--------------------------------------------------------
                            276 	.area XABS    (ABS,XDATA)
                            277 ;--------------------------------------------------------
                            278 ; external initialized ram data
                            279 ;--------------------------------------------------------
                            280 	.area XISEG   (XDATA)
                            281 	.area HOME    (CODE)
                            282 	.area GSINIT0 (CODE)
                            283 	.area GSINIT1 (CODE)
                            284 	.area GSINIT2 (CODE)
                            285 	.area GSINIT3 (CODE)
                            286 	.area GSINIT4 (CODE)
                            287 	.area GSINIT5 (CODE)
                            288 	.area GSINIT  (CODE)
                            289 	.area GSFINAL (CODE)
                            290 	.area CSEG    (CODE)
                            291 ;--------------------------------------------------------
                            292 ; interrupt vector 
                            293 ;--------------------------------------------------------
                            294 	.area HOME    (CODE)
   0000                     295 __interrupt_vect:
   0000 02s00r00            296 	ljmp	__sdcc_gsinit_startup
                            297 ;--------------------------------------------------------
                            298 ; global & static initialisations
                            299 ;--------------------------------------------------------
                            300 	.area HOME    (CODE)
                            301 	.area GSINIT  (CODE)
                            302 	.area GSFINAL (CODE)
                            303 	.area GSINIT  (CODE)
                            304 	.globl __sdcc_gsinit_startup
                            305 	.globl __sdcc_program_startup
                            306 	.globl __start__stack
                            307 	.globl __mcs51_genXINIT
                            308 	.globl __mcs51_genXRAMCLEAR
                            309 	.globl __mcs51_genRAMCLEAR
                            310 	.area GSFINAL (CODE)
   0000 02s00r03            311 	ljmp	__sdcc_program_startup
                            312 ;--------------------------------------------------------
                            313 ; Home
                            314 ;--------------------------------------------------------
                            315 	.area HOME    (CODE)
                            316 	.area HOME    (CODE)
   0003                     317 __sdcc_program_startup:
   0003 12s04r33            318 	lcall	_main
                            319 ;	return from main will lock up
   0006 80 FE               320 	sjmp .
                            321 ;--------------------------------------------------------
                            322 ; code
                            323 ;--------------------------------------------------------
                            324 	.area CSEG    (CODE)
                            325 ;------------------------------------------------------------
                            326 ;Allocation info for local variables in function 'DHT11_Read_Bit'
                            327 ;------------------------------------------------------------
                            328 ;------------------------------------------------------------
                            329 ;	C:\Users\dht98\DOWNLO~1\NKUST\NKUST_~2\HW19\/DHT11.c:5: __bit DHT11_Read_Bit()
                            330 ;	-----------------------------------------
                            331 ;	 function DHT11_Read_Bit
                            332 ;	-----------------------------------------
   0000                     333 _DHT11_Read_Bit:
                    0002    334 	ar2 = 0x02
                    0003    335 	ar3 = 0x03
                    0004    336 	ar4 = 0x04
                    0005    337 	ar5 = 0x05
                    0006    338 	ar6 = 0x06
                    0007    339 	ar7 = 0x07
                    0000    340 	ar0 = 0x00
                    0001    341 	ar1 = 0x01
                            342 ;	C:\Users\dht98\DOWNLO~1\NKUST\NKUST_~2\HW19\/DHT11.c:7: while(DHT11_DATA==0);
   0000                     343 00101$:
   0000 30 80 FD            344 	jnb	_P0_0,00101$
                            345 ;	C:\Users\dht98\DOWNLO~1\NKUST\NKUST_~2\HW19\/DHT11.c:8: TL0=0;
   0003 75 8A 00            346 	mov	_TL0,#0x00
                            347 ;	C:\Users\dht98\DOWNLO~1\NKUST\NKUST_~2\HW19\/DHT11.c:9: while(DHT11_DATA==1);
   0006                     348 00104$:
   0006 20 80 FD            349 	jb	_P0_0,00104$
                            350 ;	C:\Users\dht98\DOWNLO~1\NKUST\NKUST_~2\HW19\/DHT11.c:10: if(TL0>50)
   0009 74 32               351 	mov	a,#0x32
   000B B5 8A 00            352 	cjne	a,_TL0,00119$
   000E                     353 00119$:
   000E 50 02               354 	jnc	00108$
                            355 ;	C:\Users\dht98\DOWNLO~1\NKUST\NKUST_~2\HW19\/DHT11.c:11: return 1;
   0010 D3                  356 	setb	c
   0011 22                  357 	ret
   0012                     358 00108$:
                            359 ;	C:\Users\dht98\DOWNLO~1\NKUST\NKUST_~2\HW19\/DHT11.c:13: return 0;
   0012 C3                  360 	clr	c
   0013 22                  361 	ret
                            362 ;------------------------------------------------------------
                            363 ;Allocation info for local variables in function 'DHT11_Read'
                            364 ;------------------------------------------------------------
                            365 ;Temperature               Allocated to stack - offset -5
                            366 ;Humidity                  Allocated to registers r2 r3 r4 
                            367 ;i                         Allocated to registers r6 
                            368 ;readings                  Allocated to stack - offset 1
                            369 ;------------------------------------------------------------
                            370 ;	C:\Users\dht98\DOWNLO~1\NKUST\NKUST_~2\HW19\/DHT11.c:16: void DHT11_Read(unsigned char * Humidity,unsigned char * Temperature)
                            371 ;	-----------------------------------------
                            372 ;	 function DHT11_Read
                            373 ;	-----------------------------------------
   0014                     374 _DHT11_Read:
   0014 C0*00               375 	push	_bp
   0016 E5 81               376 	mov	a,sp
   0018 F5*00               377 	mov	_bp,a
   001A 24 28               378 	add	a,#0x28
   001C F5 81               379 	mov	sp,a
   001E AA 82               380 	mov	r2,dpl
   0020 AB 83               381 	mov	r3,dph
   0022 AC F0               382 	mov	r4,b
                            383 ;	C:\Users\dht98\DOWNLO~1\NKUST\NKUST_~2\HW19\/DHT11.c:21: TMOD&=0xF1;TMOD|=0x01;TR0=1;
   0024 53 89 F1            384 	anl	_TMOD,#0xF1
   0027 43 89 01            385 	orl	_TMOD,#0x01
   002A D2 8C               386 	setb	_TR0
                            387 ;	C:\Users\dht98\DOWNLO~1\NKUST\NKUST_~2\HW19\/DHT11.c:23: TH0=0;TL0=0;
   002C 75 8C 00            388 	mov	_TH0,#0x00
   002F 75 8A 00            389 	mov	_TL0,#0x00
                            390 ;	C:\Users\dht98\DOWNLO~1\NKUST\NKUST_~2\HW19\/DHT11.c:24: DHT11_DATA=0;
   0032 C2 80               391 	clr	_P0_0
                            392 ;	C:\Users\dht98\DOWNLO~1\NKUST\NKUST_~2\HW19\/DHT11.c:25: while(TH0<75);
   0034                     393 00101$:
   0034 74 B5               394 	mov	a,#0x100 - 0x4B
   0036 25 8C               395 	add	a,_TH0
   0038 50 FA               396 	jnc	00101$
                            397 ;	C:\Users\dht98\DOWNLO~1\NKUST\NKUST_~2\HW19\/DHT11.c:26: DHT11_DATA=1;
   003A D2 80               398 	setb	_P0_0
                            399 ;	C:\Users\dht98\DOWNLO~1\NKUST\NKUST_~2\HW19\/DHT11.c:28: while(DHT11_DATA==1);
   003C                     400 00104$:
   003C 20 80 FD            401 	jb	_P0_0,00104$
                            402 ;	C:\Users\dht98\DOWNLO~1\NKUST\NKUST_~2\HW19\/DHT11.c:29: while(DHT11_DATA==0);
   003F                     403 00107$:
   003F 30 80 FD            404 	jnb	_P0_0,00107$
                            405 ;	C:\Users\dht98\DOWNLO~1\NKUST\NKUST_~2\HW19\/DHT11.c:30: while(DHT11_DATA==1);
   0042                     406 00110$:
   0042 20 80 FD            407 	jb	_P0_0,00110$
                            408 ;	C:\Users\dht98\DOWNLO~1\NKUST\NKUST_~2\HW19\/DHT11.c:32: for(i=0;i<40;i++)
   0045 AD*00               409 	mov	r5,_bp
   0047 0D                  410 	inc	r5
   0048 7E 00               411 	mov	r6,#0x00
   004A                     412 00116$:
   004A BE 28 00            413 	cjne	r6,#0x28,00151$
   004D                     414 00151$:
   004D 50 24               415 	jnc	00113$
                            416 ;	C:\Users\dht98\DOWNLO~1\NKUST\NKUST_~2\HW19\/DHT11.c:33: readings[i]=DHT11_Read_Bit();
   004F EE                  417 	mov	a,r6
   0050 2D                  418 	add	a,r5
   0051 F8                  419 	mov	r0,a
   0052 C0 02               420 	push	ar2
   0054 C0 03               421 	push	ar3
   0056 C0 04               422 	push	ar4
   0058 C0 05               423 	push	ar5
   005A C0 06               424 	push	ar6
   005C C0 00               425 	push	ar0
   005E 12s00r00            426 	lcall	_DHT11_Read_Bit
   0061 E4                  427 	clr	a
   0062 33                  428 	rlc	a
   0063 D0 00               429 	pop	ar0
   0065 D0 06               430 	pop	ar6
   0067 D0 05               431 	pop	ar5
   0069 D0 04               432 	pop	ar4
   006B D0 03               433 	pop	ar3
   006D D0 02               434 	pop	ar2
   006F F6                  435 	mov	@r0,a
                            436 ;	C:\Users\dht98\DOWNLO~1\NKUST\NKUST_~2\HW19\/DHT11.c:32: for(i=0;i<40;i++)
   0070 0E                  437 	inc	r6
                            438 ;	C:\Users\dht98\DOWNLO~1\NKUST\NKUST_~2\HW19\/DHT11.c:35: while(DHT11_DATA==0);
   0071 80 D7               439 	sjmp	00116$
   0073                     440 00113$:
   0073 30 80 FD            441 	jnb	_P0_0,00113$
                            442 ;	C:\Users\dht98\DOWNLO~1\NKUST\NKUST_~2\HW19\/DHT11.c:37: for(i=0,(*Humidity)=0;i<8;i++)
   0076 8A 82               443 	mov	dpl,r2
   0078 8B 83               444 	mov	dph,r3
   007A 8C F0               445 	mov	b,r4
   007C E4                  446 	clr	a
   007D 12s00r00            447 	lcall	__gptrput
   0080 7E 00               448 	mov	r6,#0x00
   0082                     449 00120$:
   0082 BE 08 00            450 	cjne	r6,#0x08,00154$
   0085                     451 00154$:
   0085 50 2B               452 	jnc	00123$
                            453 ;	C:\Users\dht98\DOWNLO~1\NKUST\NKUST_~2\HW19\/DHT11.c:39: (*Humidity)*=2;
   0087 8A 82               454 	mov	dpl,r2
   0089 8B 83               455 	mov	dph,r3
   008B 8C F0               456 	mov	b,r4
   008D 12s00r00            457 	lcall	__gptrget
   0090 25 E0               458 	add	a,acc
   0092 FF                  459 	mov	r7,a
   0093 8A 82               460 	mov	dpl,r2
   0095 8B 83               461 	mov	dph,r3
   0097 8C F0               462 	mov	b,r4
   0099 12s00r00            463 	lcall	__gptrput
                            464 ;	C:\Users\dht98\DOWNLO~1\NKUST\NKUST_~2\HW19\/DHT11.c:40: (*Humidity)+=readings[i];
   009C EE                  465 	mov	a,r6
   009D 2D                  466 	add	a,r5
   009E F8                  467 	mov	r0,a
   009F C0 05               468 	push	ar5
   00A1 E6                  469 	mov	a,@r0
   00A2 2F                  470 	add	a,r7
   00A3 FF                  471 	mov	r7,a
   00A4 8A 82               472 	mov	dpl,r2
   00A6 8B 83               473 	mov	dph,r3
   00A8 8C F0               474 	mov	b,r4
   00AA 12s00r00            475 	lcall	__gptrput
                            476 ;	C:\Users\dht98\DOWNLO~1\NKUST\NKUST_~2\HW19\/DHT11.c:37: for(i=0,(*Humidity)=0;i<8;i++)
   00AD 0E                  477 	inc	r6
   00AE D0 05               478 	pop	ar5
   00B0 80 D0               479 	sjmp	00120$
   00B2                     480 00123$:
                            481 ;	C:\Users\dht98\DOWNLO~1\NKUST\NKUST_~2\HW19\/DHT11.c:42: for(i=0,(*Temperature)=0;i<8;i++)
   00B2 E5*00               482 	mov	a,_bp
   00B4 24 FB               483 	add	a,#0xfb
   00B6 F8                  484 	mov	r0,a
   00B7 86 02               485 	mov	ar2,@r0
   00B9 08                  486 	inc	r0
   00BA 86 03               487 	mov	ar3,@r0
   00BC 08                  488 	inc	r0
   00BD 86 04               489 	mov	ar4,@r0
   00BF 8A 82               490 	mov	dpl,r2
   00C1 8B 83               491 	mov	dph,r3
   00C3 8C F0               492 	mov	b,r4
   00C5 E4                  493 	clr	a
   00C6 12s00r00            494 	lcall	__gptrput
   00C9 7E 00               495 	mov	r6,#0x00
   00CB                     496 00124$:
   00CB BE 08 00            497 	cjne	r6,#0x08,00156$
   00CE                     498 00156$:
   00CE 50 2D               499 	jnc	00128$
                            500 ;	C:\Users\dht98\DOWNLO~1\NKUST\NKUST_~2\HW19\/DHT11.c:44: (*Temperature)*=2;
   00D0 8A 82               501 	mov	dpl,r2
   00D2 8B 83               502 	mov	dph,r3
   00D4 8C F0               503 	mov	b,r4
   00D6 12s00r00            504 	lcall	__gptrget
   00D9 25 E0               505 	add	a,acc
   00DB FF                  506 	mov	r7,a
   00DC 8A 82               507 	mov	dpl,r2
   00DE 8B 83               508 	mov	dph,r3
   00E0 8C F0               509 	mov	b,r4
   00E2 12s00r00            510 	lcall	__gptrput
                            511 ;	C:\Users\dht98\DOWNLO~1\NKUST\NKUST_~2\HW19\/DHT11.c:45: (*Temperature)+=readings[i+16];
   00E5 74 10               512 	mov	a,#0x10
   00E7 2E                  513 	add	a,r6
   00E8 2D                  514 	add	a,r5
   00E9 F8                  515 	mov	r0,a
   00EA C0 05               516 	push	ar5
   00EC E6                  517 	mov	a,@r0
   00ED 2F                  518 	add	a,r7
   00EE FF                  519 	mov	r7,a
   00EF 8A 82               520 	mov	dpl,r2
   00F1 8B 83               521 	mov	dph,r3
   00F3 8C F0               522 	mov	b,r4
   00F5 12s00r00            523 	lcall	__gptrput
                            524 ;	C:\Users\dht98\DOWNLO~1\NKUST\NKUST_~2\HW19\/DHT11.c:42: for(i=0,(*Temperature)=0;i<8;i++)
   00F8 0E                  525 	inc	r6
   00F9 D0 05               526 	pop	ar5
   00FB 80 CE               527 	sjmp	00124$
   00FD                     528 00128$:
   00FD 85*00 81            529 	mov	sp,_bp
   0100 D0*00               530 	pop	_bp
   0102 22                  531 	ret
                            532 ;------------------------------------------------------------
                            533 ;Allocation info for local variables in function 'clcd_initialize'
                            534 ;------------------------------------------------------------
                            535 ;------------------------------------------------------------
                            536 ;	C:\Users\dht98\DOWNLO~1\NKUST\NKUST_~2\HW19\/clcd.c:25: void clcd_initialize(void) {
                            537 ;	-----------------------------------------
                            538 ;	 function clcd_initialize
                            539 ;	-----------------------------------------
   0103                     540 _clcd_initialize:
                            541 ;	C:\Users\dht98\DOWNLO~1\NKUST\NKUST_~2\HW19\/clcd.c:26: clcd_write_instruction(0x38);  // 8-bit interface, 2 lines, 5x7 dots
   0103 75 82 38            542 	mov	dpl,#0x38
   0106 12s01r1B            543 	lcall	_clcd_write_instruction
                            544 ;	C:\Users\dht98\DOWNLO~1\NKUST\NKUST_~2\HW19\/clcd.c:27: clcd_write_instruction(0x0F);  // display on, cursor on, cursor blinking
   0109 75 82 0F            545 	mov	dpl,#0x0F
   010C 12s01r1B            546 	lcall	_clcd_write_instruction
                            547 ;	C:\Users\dht98\DOWNLO~1\NKUST\NKUST_~2\HW19\/clcd.c:28: clcd_write_instruction(0x06);  // move cursor right when read/write
   010F 75 82 06            548 	mov	dpl,#0x06
   0112 12s01r1B            549 	lcall	_clcd_write_instruction
                            550 ;	C:\Users\dht98\DOWNLO~1\NKUST\NKUST_~2\HW19\/clcd.c:29: clcd_write_instruction(0x01);  // clear display, cursor home
   0115 75 82 01            551 	mov	dpl,#0x01
   0118 02s01r1B            552 	ljmp	_clcd_write_instruction
                            553 ;------------------------------------------------------------
                            554 ;Allocation info for local variables in function 'clcd_write_instruction'
                            555 ;------------------------------------------------------------
                            556 ;instruction               Allocated to registers r2 
                            557 ;------------------------------------------------------------
                            558 ;	C:\Users\dht98\DOWNLO~1\NKUST\NKUST_~2\HW19\/clcd.c:32: void clcd_write_instruction(unsigned char instruction) {
                            559 ;	-----------------------------------------
                            560 ;	 function clcd_write_instruction
                            561 ;	-----------------------------------------
   011B                     562 _clcd_write_instruction:
   011B AA 82               563 	mov	r2,dpl
                            564 ;	C:\Users\dht98\DOWNLO~1\NKUST\NKUST_~2\HW19\/clcd.c:33: clcd_wait();
   011D C0 02               565 	push	ar2
   011F 12s01r2F            566 	lcall	_clcd_wait
   0122 D0 02               567 	pop	ar2
                            568 ;	C:\Users\dht98\DOWNLO~1\NKUST\NKUST_~2\HW19\/clcd.c:34: CLCD_RS = 0;
   0124 C2 A0               569 	clr	_P2_0
                            570 ;	C:\Users\dht98\DOWNLO~1\NKUST\NKUST_~2\HW19\/clcd.c:35: CLCD_RW = 0;
   0126 C2 A1               571 	clr	_P2_1
                            572 ;	C:\Users\dht98\DOWNLO~1\NKUST\NKUST_~2\HW19\/clcd.c:36: CLCD_DB = instruction;
   0128 8A 90               573 	mov	_P1,r2
                            574 ;	C:\Users\dht98\DOWNLO~1\NKUST\NKUST_~2\HW19\/clcd.c:37: CLCD_E = 1;
   012A D2 A2               575 	setb	_P2_2
                            576 ;	C:\Users\dht98\DOWNLO~1\NKUST\NKUST_~2\HW19\/clcd.c:38: CLCD_E = 0;
   012C C2 A2               577 	clr	_P2_2
   012E 22                  578 	ret
                            579 ;------------------------------------------------------------
                            580 ;Allocation info for local variables in function 'clcd_wait'
                            581 ;------------------------------------------------------------
                            582 ;------------------------------------------------------------
                            583 ;	C:\Users\dht98\DOWNLO~1\NKUST\NKUST_~2\HW19\/clcd.c:41: void clcd_wait(void) {
                            584 ;	-----------------------------------------
                            585 ;	 function clcd_wait
                            586 ;	-----------------------------------------
   012F                     587 _clcd_wait:
                            588 ;	C:\Users\dht98\DOWNLO~1\NKUST\NKUST_~2\HW19\/clcd.c:42: CLCD_DB = 0xFF;
   012F 75 90 FF            589 	mov	_P1,#0xFF
                            590 ;	C:\Users\dht98\DOWNLO~1\NKUST\NKUST_~2\HW19\/clcd.c:43: CLCD_RS = 0;
   0132 C2 A0               591 	clr	_P2_0
                            592 ;	C:\Users\dht98\DOWNLO~1\NKUST\NKUST_~2\HW19\/clcd.c:44: CLCD_RW = 1;
   0134 D2 A1               593 	setb	_P2_1
                            594 ;	C:\Users\dht98\DOWNLO~1\NKUST\NKUST_~2\HW19\/clcd.c:45: do {
   0136                     595 00101$:
                            596 ;	C:\Users\dht98\DOWNLO~1\NKUST\NKUST_~2\HW19\/clcd.c:46: CLCD_E = 1;
   0136 D2 A2               597 	setb	_P2_2
                            598 ;	C:\Users\dht98\DOWNLO~1\NKUST\NKUST_~2\HW19\/clcd.c:47: ACC = CLCD_DB;
   0138 85 90 E0            599 	mov	_ACC,_P1
                            600 ;	C:\Users\dht98\DOWNLO~1\NKUST\NKUST_~2\HW19\/clcd.c:48: CLCD_E = 0;
   013B C2 A2               601 	clr	_P2_2
   013D 20 E7 F6            602 	jb	_ACC_7,00101$
   0140 22                  603 	ret
                            604 ;------------------------------------------------------------
                            605 ;Allocation info for local variables in function 'clcd_cls'
                            606 ;------------------------------------------------------------
                            607 ;------------------------------------------------------------
                            608 ;	C:\Users\dht98\DOWNLO~1\NKUST\NKUST_~2\HW19\/clcd.c:52: void clcd_cls(void) {
                            609 ;	-----------------------------------------
                            610 ;	 function clcd_cls
                            611 ;	-----------------------------------------
   0141                     612 _clcd_cls:
                            613 ;	C:\Users\dht98\DOWNLO~1\NKUST\NKUST_~2\HW19\/clcd.c:53: clcd_write_instruction(0x01);
   0141 75 82 01            614 	mov	dpl,#0x01
   0144 02s01r1B            615 	ljmp	_clcd_write_instruction
                            616 ;------------------------------------------------------------
                            617 ;Allocation info for local variables in function 'clcd_set_cursor'
                            618 ;------------------------------------------------------------
                            619 ;column                    Allocated to stack - offset -4
                            620 ;row                       Allocated to registers r2 r3 
                            621 ;instruction               Allocated to registers r4 r5 
                            622 ;------------------------------------------------------------
                            623 ;	C:\Users\dht98\DOWNLO~1\NKUST\NKUST_~2\HW19\/clcd.c:56: void clcd_set_cursor(unsigned int row, unsigned int column) {
                            624 ;	-----------------------------------------
                            625 ;	 function clcd_set_cursor
                            626 ;	-----------------------------------------
   0147                     627 _clcd_set_cursor:
   0147 C0*00               628 	push	_bp
   0149 85 81*00            629 	mov	_bp,sp
   014C AA 82               630 	mov	r2,dpl
   014E AB 83               631 	mov	r3,dph
                            632 ;	C:\Users\dht98\DOWNLO~1\NKUST\NKUST_~2\HW19\/clcd.c:57: unsigned int instruction = 0x80;
   0150 7C 80               633 	mov	r4,#0x80
   0152 7D 00               634 	mov	r5,#0x00
                            635 ;	C:\Users\dht98\DOWNLO~1\NKUST\NKUST_~2\HW19\/clcd.c:58: if (row == 1)
   0154 BA 01 07            636 	cjne	r2,#0x01,00102$
   0157 BB 00 04            637 	cjne	r3,#0x00,00102$
                            638 ;	C:\Users\dht98\DOWNLO~1\NKUST\NKUST_~2\HW19\/clcd.c:59: instruction += 0x40;
   015A 7C C0               639 	mov	r4,#0xC0
   015C 7D 00               640 	mov	r5,#0x00
   015E                     641 00102$:
                            642 ;	C:\Users\dht98\DOWNLO~1\NKUST\NKUST_~2\HW19\/clcd.c:60: instruction += column;
   015E E5*00               643 	mov	a,_bp
   0160 24 FC               644 	add	a,#0xfc
   0162 F8                  645 	mov	r0,a
   0163 E6                  646 	mov	a,@r0
   0164 2C                  647 	add	a,r4
   0165 FC                  648 	mov	r4,a
   0166 08                  649 	inc	r0
   0167 E6                  650 	mov	a,@r0
   0168 3D                  651 	addc	a,r5
                            652 ;	C:\Users\dht98\DOWNLO~1\NKUST\NKUST_~2\HW19\/clcd.c:61: clcd_write_instruction(instruction);
   0169 8C 82               653 	mov	dpl,r4
   016B 12s01r1B            654 	lcall	_clcd_write_instruction
   016E D0*00               655 	pop	_bp
   0170 22                  656 	ret
                            657 ;------------------------------------------------------------
                            658 ;Allocation info for local variables in function 'clcd_put_char'
                            659 ;------------------------------------------------------------
                            660 ;c                         Allocated to registers r2 
                            661 ;------------------------------------------------------------
                            662 ;	C:\Users\dht98\DOWNLO~1\NKUST\NKUST_~2\HW19\/clcd.c:64: void clcd_put_char(char c) {
                            663 ;	-----------------------------------------
                            664 ;	 function clcd_put_char
                            665 ;	-----------------------------------------
   0171                     666 _clcd_put_char:
   0171 AA 82               667 	mov	r2,dpl
                            668 ;	C:\Users\dht98\DOWNLO~1\NKUST\NKUST_~2\HW19\/clcd.c:65: clcd_wait();
   0173 C0 02               669 	push	ar2
   0175 12s01r2F            670 	lcall	_clcd_wait
   0178 D0 02               671 	pop	ar2
                            672 ;	C:\Users\dht98\DOWNLO~1\NKUST\NKUST_~2\HW19\/clcd.c:66: CLCD_RS = 1;
   017A D2 A0               673 	setb	_P2_0
                            674 ;	C:\Users\dht98\DOWNLO~1\NKUST\NKUST_~2\HW19\/clcd.c:67: CLCD_RW = 0;
   017C C2 A1               675 	clr	_P2_1
                            676 ;	C:\Users\dht98\DOWNLO~1\NKUST\NKUST_~2\HW19\/clcd.c:68: CLCD_DB = c;
   017E 8A 90               677 	mov	_P1,r2
                            678 ;	C:\Users\dht98\DOWNLO~1\NKUST\NKUST_~2\HW19\/clcd.c:69: CLCD_E = 1;
   0180 D2 A2               679 	setb	_P2_2
                            680 ;	C:\Users\dht98\DOWNLO~1\NKUST\NKUST_~2\HW19\/clcd.c:70: CLCD_E = 0;
   0182 C2 A2               681 	clr	_P2_2
   0184 22                  682 	ret
                            683 ;------------------------------------------------------------
                            684 ;Allocation info for local variables in function 'clcd_put_string'
                            685 ;------------------------------------------------------------
                            686 ;s                         Allocated to registers r2 r3 r4 
                            687 ;------------------------------------------------------------
                            688 ;	C:\Users\dht98\DOWNLO~1\NKUST\NKUST_~2\HW19\/clcd.c:73: void clcd_put_string(char* s) {
                            689 ;	-----------------------------------------
                            690 ;	 function clcd_put_string
                            691 ;	-----------------------------------------
   0185                     692 _clcd_put_string:
   0185 AA 82               693 	mov	r2,dpl
   0187 AB 83               694 	mov	r3,dph
   0189 AC F0               695 	mov	r4,b
                            696 ;	C:\Users\dht98\DOWNLO~1\NKUST\NKUST_~2\HW19\/clcd.c:74: while (*s != 0) {
   018B                     697 00101$:
   018B 8A 82               698 	mov	dpl,r2
   018D 8B 83               699 	mov	dph,r3
   018F 8C F0               700 	mov	b,r4
   0191 12s00r00            701 	lcall	__gptrget
   0194 FD                  702 	mov	r5,a
   0195 60 18               703 	jz	00104$
                            704 ;	C:\Users\dht98\DOWNLO~1\NKUST\NKUST_~2\HW19\/clcd.c:75: clcd_put_char(*s);
   0197 8D 82               705 	mov	dpl,r5
   0199 C0 02               706 	push	ar2
   019B C0 03               707 	push	ar3
   019D C0 04               708 	push	ar4
   019F 12s01r71            709 	lcall	_clcd_put_char
   01A2 D0 04               710 	pop	ar4
   01A4 D0 03               711 	pop	ar3
   01A6 D0 02               712 	pop	ar2
                            713 ;	C:\Users\dht98\DOWNLO~1\NKUST\NKUST_~2\HW19\/clcd.c:76: s++;
   01A8 0A                  714 	inc	r2
   01A9 BA 00 DF            715 	cjne	r2,#0x00,00101$
   01AC 0B                  716 	inc	r3
   01AD 80 DC               717 	sjmp	00101$
   01AF                     718 00104$:
   01AF 22                  719 	ret
                            720 ;------------------------------------------------------------
                            721 ;Allocation info for local variables in function 'clcd_put_byte'
                            722 ;------------------------------------------------------------
                            723 ;byte_data                 Allocated to registers r2 
                            724 ;------------------------------------------------------------
                            725 ;	C:\Users\dht98\DOWNLO~1\NKUST\NKUST_~2\HW19\/clcd.c:80: void clcd_put_byte(unsigned char byte_data) {
                            726 ;	-----------------------------------------
                            727 ;	 function clcd_put_byte
                            728 ;	-----------------------------------------
   01B0                     729 _clcd_put_byte:
                            730 ;	C:\Users\dht98\DOWNLO~1\NKUST\NKUST_~2\HW19\/clcd.c:81: clcd_put_char(ASCII[byte_data / 16]);
   01B0 E5 82               731 	mov	a,dpl
   01B2 FA                  732 	mov	r2,a
   01B3 C4                  733 	swap	a
   01B4 54 0F               734 	anl	a,#0x0f
   01B6 90s00r00            735 	mov	dptr,#_ASCII
   01B9 93                  736 	movc	a,@a+dptr
   01BA F5 82               737 	mov	dpl,a
   01BC C0 02               738 	push	ar2
   01BE 12s01r71            739 	lcall	_clcd_put_char
   01C1 D0 02               740 	pop	ar2
                            741 ;	C:\Users\dht98\DOWNLO~1\NKUST\NKUST_~2\HW19\/clcd.c:82: clcd_put_char(ASCII[byte_data % 16]);
   01C3 74 0F               742 	mov	a,#0x0F
   01C5 5A                  743 	anl	a,r2
   01C6 90s00r00            744 	mov	dptr,#_ASCII
   01C9 93                  745 	movc	a,@a+dptr
   01CA F5 82               746 	mov	dpl,a
   01CC 02s01r71            747 	ljmp	_clcd_put_char
                            748 ;------------------------------------------------------------
                            749 ;Allocation info for local variables in function 'clcd_put_word'
                            750 ;------------------------------------------------------------
                            751 ;word_data                 Allocated to registers r2 r3 
                            752 ;------------------------------------------------------------
                            753 ;	C:\Users\dht98\DOWNLO~1\NKUST\NKUST_~2\HW19\/clcd.c:85: void clcd_put_word(unsigned int word_data) {
                            754 ;	-----------------------------------------
                            755 ;	 function clcd_put_word
                            756 ;	-----------------------------------------
   01CF                     757 _clcd_put_word:
   01CF AA 82               758 	mov	r2,dpl
   01D1 AB 83               759 	mov	r3,dph
                            760 ;	C:\Users\dht98\DOWNLO~1\NKUST\NKUST_~2\HW19\/clcd.c:86: clcd_put_byte(word_data / 256);
   01D3 8B 04               761 	mov	ar4,r3
   01D5 8C 82               762 	mov	dpl,r4
   01D7 C0 02               763 	push	ar2
   01D9 C0 03               764 	push	ar3
   01DB 12s01rB0            765 	lcall	_clcd_put_byte
   01DE D0 03               766 	pop	ar3
   01E0 D0 02               767 	pop	ar2
                            768 ;	C:\Users\dht98\DOWNLO~1\NKUST\NKUST_~2\HW19\/clcd.c:87: clcd_put_byte(word_data % 256);
   01E2 8A 82               769 	mov	dpl,r2
   01E4 02s01rB0            770 	ljmp	_clcd_put_byte
                            771 ;------------------------------------------------------------
                            772 ;Allocation info for local variables in function 'i2s'
                            773 ;------------------------------------------------------------
                            774 ;s                         Allocated to stack - offset -5
                            775 ;i                         Allocated to stack - offset 1
                            776 ;sign                      Allocated to stack - offset 3
                            777 ;len                       Allocated to registers r6 
                            778 ;p                         Allocated to stack - offset 4
                            779 ;sloc0                     Allocated to stack - offset 8
                            780 ;sloc1                     Allocated to stack - offset 7
                            781 ;sloc2                     Allocated to stack - offset 8
                            782 ;------------------------------------------------------------
                            783 ;	C:\Users\dht98\DOWNLO~1\NKUST\NKUST_~2\HW19\/clcd.c:90: void i2s(int i, char* s) {
                            784 ;	-----------------------------------------
                            785 ;	 function i2s
                            786 ;	-----------------------------------------
   01E7                     787 _i2s:
   01E7 C0*00               788 	push	_bp
   01E9 85 81*00            789 	mov	_bp,sp
   01EC C0 82               790 	push	dpl
   01EE C0 83               791 	push	dph
   01F0 E5 81               792 	mov	a,sp
   01F2 24 0A               793 	add	a,#0x0a
   01F4 F5 81               794 	mov	sp,a
                            795 ;	C:\Users\dht98\DOWNLO~1\NKUST\NKUST_~2\HW19\/clcd.c:94: sign = '+';
   01F6 E5*00               796 	mov	a,_bp
   01F8 24 03               797 	add	a,#0x03
   01FA F8                  798 	mov	r0,a
   01FB 76 2B               799 	mov	@r0,#0x2B
                            800 ;	C:\Users\dht98\DOWNLO~1\NKUST\NKUST_~2\HW19\/clcd.c:96: p = s;
   01FD E5*00               801 	mov	a,_bp
   01FF 24 FB               802 	add	a,#0xfb
   0201 F8                  803 	mov	r0,a
   0202 E5*00               804 	mov	a,_bp
   0204 24 04               805 	add	a,#0x04
   0206 F9                  806 	mov	r1,a
   0207 E6                  807 	mov	a,@r0
   0208 F7                  808 	mov	@r1,a
   0209 08                  809 	inc	r0
   020A 09                  810 	inc	r1
   020B E6                  811 	mov	a,@r0
   020C F7                  812 	mov	@r1,a
   020D 08                  813 	inc	r0
   020E 09                  814 	inc	r1
   020F E6                  815 	mov	a,@r0
   0210 F7                  816 	mov	@r1,a
                            817 ;	C:\Users\dht98\DOWNLO~1\NKUST\NKUST_~2\HW19\/clcd.c:97: if (i < 0) {
   0211 A8*00               818 	mov	r0,_bp
   0213 08                  819 	inc	r0
   0214 08                  820 	inc	r0
   0215 E6                  821 	mov	a,@r0
   0216 30 E7 12            822 	jnb	acc.7,00115$
                            823 ;	C:\Users\dht98\DOWNLO~1\NKUST\NKUST_~2\HW19\/clcd.c:98: sign = '-';
   0219 E5*00               824 	mov	a,_bp
   021B 24 03               825 	add	a,#0x03
   021D F8                  826 	mov	r0,a
   021E 76 2D               827 	mov	@r0,#0x2D
                            828 ;	C:\Users\dht98\DOWNLO~1\NKUST\NKUST_~2\HW19\/clcd.c:99: i = -i;
   0220 A8*00               829 	mov	r0,_bp
   0222 08                  830 	inc	r0
   0223 C3                  831 	clr	c
   0224 E4                  832 	clr	a
   0225 96                  833 	subb	a,@r0
   0226 F6                  834 	mov	@r0,a
   0227 08                  835 	inc	r0
   0228 E4                  836 	clr	a
   0229 96                  837 	subb	a,@r0
   022A F6                  838 	mov	@r0,a
                            839 ;	C:\Users\dht98\DOWNLO~1\NKUST\NKUST_~2\HW19\/clcd.c:101: do {
   022B                     840 00115$:
   022B E5*00               841 	mov	a,_bp
   022D 24 04               842 	add	a,#0x04
   022F F8                  843 	mov	r0,a
   0230 86 04               844 	mov	ar4,@r0
   0232 08                  845 	inc	r0
   0233 86 02               846 	mov	ar2,@r0
   0235 08                  847 	inc	r0
   0236 86 03               848 	mov	ar3,@r0
   0238 7D 00               849 	mov	r5,#0x00
   023A                     850 00103$:
                            851 ;	C:\Users\dht98\DOWNLO~1\NKUST\NKUST_~2\HW19\/clcd.c:102: *s = (i % 10) + '0';
   023A C0 02               852 	push	ar2
   023C C0 03               853 	push	ar3
   023E C0 04               854 	push	ar4
   0240 C0 05               855 	push	ar5
   0242 74 0A               856 	mov	a,#0x0A
   0244 C0 E0               857 	push	acc
   0246 E4                  858 	clr	a
   0247 C0 E0               859 	push	acc
   0249 A8*00               860 	mov	r0,_bp
   024B 08                  861 	inc	r0
   024C 86 82               862 	mov	dpl,@r0
   024E 08                  863 	inc	r0
   024F 86 83               864 	mov	dph,@r0
   0251 12s00r00            865 	lcall	__modsint
   0254 AE 82               866 	mov	r6,dpl
   0256 15 81               867 	dec	sp
   0258 15 81               868 	dec	sp
   025A D0 05               869 	pop	ar5
   025C D0 04               870 	pop	ar4
   025E D0 03               871 	pop	ar3
   0260 D0 02               872 	pop	ar2
   0262 74 30               873 	mov	a,#0x30
   0264 2E                  874 	add	a,r6
   0265 8C 82               875 	mov	dpl,r4
   0267 8A 83               876 	mov	dph,r2
   0269 8B F0               877 	mov	b,r3
   026B 12s00r00            878 	lcall	__gptrput
   026E A3                  879 	inc	dptr
   026F AC 82               880 	mov	r4,dpl
   0271 AA 83               881 	mov	r2,dph
                            882 ;	C:\Users\dht98\DOWNLO~1\NKUST\NKUST_~2\HW19\/clcd.c:103: s++;
                            883 ;	C:\Users\dht98\DOWNLO~1\NKUST\NKUST_~2\HW19\/clcd.c:104: len++;
   0273 0D                  884 	inc	r5
   0274 8D 06               885 	mov	ar6,r5
                            886 ;	C:\Users\dht98\DOWNLO~1\NKUST\NKUST_~2\HW19\/clcd.c:105: i /= 10;
   0276 C0 02               887 	push	ar2
   0278 C0 03               888 	push	ar3
   027A C0 04               889 	push	ar4
   027C C0 05               890 	push	ar5
   027E 74 0A               891 	mov	a,#0x0A
   0280 C0 E0               892 	push	acc
   0282 E4                  893 	clr	a
   0283 C0 E0               894 	push	acc
   0285 A8*00               895 	mov	r0,_bp
   0287 08                  896 	inc	r0
   0288 86 82               897 	mov	dpl,@r0
   028A 08                  898 	inc	r0
   028B 86 83               899 	mov	dph,@r0
   028D 12s00r00            900 	lcall	__divsint
   0290 A8*00               901 	mov	r0,_bp
   0292 08                  902 	inc	r0
   0293 A6 82               903 	mov	@r0,dpl
   0295 08                  904 	inc	r0
   0296 A6 83               905 	mov	@r0,dph
   0298 15 81               906 	dec	sp
   029A 15 81               907 	dec	sp
   029C D0 05               908 	pop	ar5
   029E D0 04               909 	pop	ar4
   02A0 D0 03               910 	pop	ar3
   02A2 D0 02               911 	pop	ar2
                            912 ;	C:\Users\dht98\DOWNLO~1\NKUST\NKUST_~2\HW19\/clcd.c:106: } while (i != 0);
   02A4 A8*00               913 	mov	r0,_bp
   02A6 08                  914 	inc	r0
   02A7 E6                  915 	mov	a,@r0
   02A8 08                  916 	inc	r0
   02A9 46                  917 	orl	a,@r0
   02AA 70 8E               918 	jnz	00103$
                            919 ;	C:\Users\dht98\DOWNLO~1\NKUST\NKUST_~2\HW19\/clcd.c:107: if (sign == '-') {
   02AC 8D 06               920 	mov	ar6,r5
   02AE E5*00               921 	mov	a,_bp
   02B0 24 03               922 	add	a,#0x03
   02B2 F8                  923 	mov	r0,a
   02B3 B6 2D 0E            924 	cjne	@r0,#0x2D,00119$
                            925 ;	C:\Users\dht98\DOWNLO~1\NKUST\NKUST_~2\HW19\/clcd.c:108: *s = '-';
   02B6 8C 82               926 	mov	dpl,r4
   02B8 8A 83               927 	mov	dph,r2
   02BA 8B F0               928 	mov	b,r3
   02BC 74 2D               929 	mov	a,#0x2D
   02BE 12s00r00            930 	lcall	__gptrput
                            931 ;	C:\Users\dht98\DOWNLO~1\NKUST\NKUST_~2\HW19\/clcd.c:110: len++;
   02C1 ED                  932 	mov	a,r5
   02C2 04                  933 	inc	a
   02C3 FE                  934 	mov	r6,a
                            935 ;	C:\Users\dht98\DOWNLO~1\NKUST\NKUST_~2\HW19\/clcd.c:112: for (i = 0; i < len / 2; i++) {
   02C4                     936 00119$:
   02C4 EE                  937 	mov	a,r6
   02C5 C3                  938 	clr	c
   02C6 13                  939 	rrc	a
   02C7 FA                  940 	mov	r2,a
   02C8 A8*00               941 	mov	r0,_bp
   02CA 08                  942 	inc	r0
   02CB E4                  943 	clr	a
   02CC F6                  944 	mov	@r0,a
   02CD 08                  945 	inc	r0
   02CE F6                  946 	mov	@r0,a
   02CF                     947 00108$:
   02CF 8A 05               948 	mov	ar5,r2
   02D1 7F 00               949 	mov	r7,#0x00
   02D3 A8*00               950 	mov	r0,_bp
   02D5 08                  951 	inc	r0
   02D6 C3                  952 	clr	c
   02D7 E6                  953 	mov	a,@r0
   02D8 9D                  954 	subb	a,r5
   02D9 08                  955 	inc	r0
   02DA E6                  956 	mov	a,@r0
   02DB 64 80               957 	xrl	a,#0x80
   02DD 8F F0               958 	mov	b,r7
   02DF 63 F0 80            959 	xrl	b,#0x80
   02E2 95 F0               960 	subb	a,b
   02E4 40 03               961 	jc	00126$
   02E6 02s03rA0            962 	ljmp	00111$
   02E9                     963 00126$:
                            964 ;	C:\Users\dht98\DOWNLO~1\NKUST\NKUST_~2\HW19\/clcd.c:113: p[len] = p[i];
   02E9 C0 02               965 	push	ar2
   02EB E5*00               966 	mov	a,_bp
   02ED 24 04               967 	add	a,#0x04
   02EF F8                  968 	mov	r0,a
   02F0 EE                  969 	mov	a,r6
   02F1 26                  970 	add	a,@r0
   02F2 FB                  971 	mov	r3,a
   02F3 E4                  972 	clr	a
   02F4 08                  973 	inc	r0
   02F5 36                  974 	addc	a,@r0
   02F6 FC                  975 	mov	r4,a
   02F7 08                  976 	inc	r0
   02F8 86 05               977 	mov	ar5,@r0
   02FA E5*00               978 	mov	a,_bp
   02FC 24 04               979 	add	a,#0x04
   02FE F8                  980 	mov	r0,a
   02FF A9*00               981 	mov	r1,_bp
   0301 09                  982 	inc	r1
   0302 E7                  983 	mov	a,@r1
   0303 26                  984 	add	a,@r0
   0304 C0 E0               985 	push	acc
   0306 09                  986 	inc	r1
   0307 E7                  987 	mov	a,@r1
   0308 08                  988 	inc	r0
   0309 36                  989 	addc	a,@r0
   030A C0 E0               990 	push	acc
   030C 08                  991 	inc	r0
   030D E6                  992 	mov	a,@r0
   030E C0 E0               993 	push	acc
   0310 E5*00               994 	mov	a,_bp
   0312 24 0A               995 	add	a,#0x0a
   0314 F8                  996 	mov	r0,a
   0315 D0 E0               997 	pop	acc
   0317 F6                  998 	mov	@r0,a
   0318 18                  999 	dec	r0
   0319 D0 E0              1000 	pop	acc
   031B F6                 1001 	mov	@r0,a
   031C 18                 1002 	dec	r0
   031D D0 E0              1003 	pop	acc
   031F F6                 1004 	mov	@r0,a
   0320 E5*00              1005 	mov	a,_bp
   0322 24 08              1006 	add	a,#0x08
   0324 F8                 1007 	mov	r0,a
   0325 86 82              1008 	mov	dpl,@r0
   0327 08                 1009 	inc	r0
   0328 86 83              1010 	mov	dph,@r0
   032A 08                 1011 	inc	r0
   032B 86 F0              1012 	mov	b,@r0
   032D E5*00              1013 	mov	a,_bp
   032F 24 07              1014 	add	a,#0x07
   0331 F9                 1015 	mov	r1,a
   0332 12s00r00           1016 	lcall	__gptrget
   0335 F7                 1017 	mov	@r1,a
   0336 8B 82              1018 	mov	dpl,r3
   0338 8C 83              1019 	mov	dph,r4
   033A 8D F0              1020 	mov	b,r5
   033C E5*00              1021 	mov	a,_bp
   033E 24 07              1022 	add	a,#0x07
   0340 F8                 1023 	mov	r0,a
   0341 E6                 1024 	mov	a,@r0
   0342 12s00r00           1025 	lcall	__gptrput
                           1026 ;	C:\Users\dht98\DOWNLO~1\NKUST\NKUST_~2\HW19\/clcd.c:114: p[i] = p[len - 1 - i];
   0345 8E 07              1027 	mov	ar7,r6
   0347 7D 00              1028 	mov	r5,#0x00
   0349 1F                 1029 	dec	r7
   034A BF FF 01           1030 	cjne	r7,#0xff,00127$
   034D 1D                 1031 	dec	r5
   034E                    1032 00127$:
   034E A8*00              1033 	mov	r0,_bp
   0350 08                 1034 	inc	r0
   0351 EF                 1035 	mov	a,r7
   0352 C3                 1036 	clr	c
   0353 96                 1037 	subb	a,@r0
   0354 FF                 1038 	mov	r7,a
   0355 ED                 1039 	mov	a,r5
   0356 08                 1040 	inc	r0
   0357 96                 1041 	subb	a,@r0
   0358 FD                 1042 	mov	r5,a
   0359 E5*00              1043 	mov	a,_bp
   035B 24 04              1044 	add	a,#0x04
   035D F8                 1045 	mov	r0,a
   035E EF                 1046 	mov	a,r7
   035F 26                 1047 	add	a,@r0
   0360 FF                 1048 	mov	r7,a
   0361 ED                 1049 	mov	a,r5
   0362 08                 1050 	inc	r0
   0363 36                 1051 	addc	a,@r0
   0364 FD                 1052 	mov	r5,a
   0365 08                 1053 	inc	r0
   0366 86 02              1054 	mov	ar2,@r0
   0368 8F 82              1055 	mov	dpl,r7
   036A 8D 83              1056 	mov	dph,r5
   036C 8A F0              1057 	mov	b,r2
   036E 12s00r00           1058 	lcall	__gptrget
   0371 FB                 1059 	mov	r3,a
   0372 E5*00              1060 	mov	a,_bp
   0374 24 08              1061 	add	a,#0x08
   0376 F8                 1062 	mov	r0,a
   0377 86 82              1063 	mov	dpl,@r0
   0379 08                 1064 	inc	r0
   037A 86 83              1065 	mov	dph,@r0
   037C 08                 1066 	inc	r0
   037D 86 F0              1067 	mov	b,@r0
   037F EB                 1068 	mov	a,r3
   0380 12s00r00           1069 	lcall	__gptrput
                           1070 ;	C:\Users\dht98\DOWNLO~1\NKUST\NKUST_~2\HW19\/clcd.c:115: p[len - 1 - i] = p[len];
   0383 8F 82              1071 	mov	dpl,r7
   0385 8D 83              1072 	mov	dph,r5
   0387 8A F0              1073 	mov	b,r2
   0389 E5*00              1074 	mov	a,_bp
   038B 24 07              1075 	add	a,#0x07
   038D F8                 1076 	mov	r0,a
   038E E6                 1077 	mov	a,@r0
   038F 12s00r00           1078 	lcall	__gptrput
                           1079 ;	C:\Users\dht98\DOWNLO~1\NKUST\NKUST_~2\HW19\/clcd.c:112: for (i = 0; i < len / 2; i++) {
   0392 A8*00              1080 	mov	r0,_bp
   0394 08                 1081 	inc	r0
   0395 06                 1082 	inc	@r0
   0396 B6 00 02           1083 	cjne	@r0,#0x00,00128$
   0399 08                 1084 	inc	r0
   039A 06                 1085 	inc	@r0
   039B                    1086 00128$:
   039B D0 02              1087 	pop	ar2
   039D 02s02rCF           1088 	ljmp	00108$
   03A0                    1089 00111$:
                           1090 ;	C:\Users\dht98\DOWNLO~1\NKUST\NKUST_~2\HW19\/clcd.c:117: p[len] = 0;
   03A0 E5*00              1091 	mov	a,_bp
   03A2 24 04              1092 	add	a,#0x04
   03A4 F8                 1093 	mov	r0,a
   03A5 EE                 1094 	mov	a,r6
   03A6 26                 1095 	add	a,@r0
   03A7 FE                 1096 	mov	r6,a
   03A8 E4                 1097 	clr	a
   03A9 08                 1098 	inc	r0
   03AA 36                 1099 	addc	a,@r0
   03AB FA                 1100 	mov	r2,a
   03AC 08                 1101 	inc	r0
   03AD 86 03              1102 	mov	ar3,@r0
   03AF 8E 82              1103 	mov	dpl,r6
   03B1 8A 83              1104 	mov	dph,r2
   03B3 8B F0              1105 	mov	b,r3
   03B5 E4                 1106 	clr	a
   03B6 12s00r00           1107 	lcall	__gptrput
   03B9 85*00 81           1108 	mov	sp,_bp
   03BC D0*00              1109 	pop	_bp
   03BE 22                 1110 	ret
                           1111 ;------------------------------------------------------------
                           1112 ;Allocation info for local variables in function 'clcd_put_int'
                           1113 ;------------------------------------------------------------
                           1114 ;i                         Allocated to registers r2 r3 
                           1115 ;s                         Allocated to stack - offset 1
                           1116 ;------------------------------------------------------------
                           1117 ;	C:\Users\dht98\DOWNLO~1\NKUST\NKUST_~2\HW19\/clcd.c:120: void clcd_put_int(int i) {
                           1118 ;	-----------------------------------------
                           1119 ;	 function clcd_put_int
                           1120 ;	-----------------------------------------
   03BF                    1121 _clcd_put_int:
   03BF C0*00              1122 	push	_bp
   03C1 E5 81              1123 	mov	a,sp
   03C3 F5*00              1124 	mov	_bp,a
   03C5 24 07              1125 	add	a,#0x07
   03C7 F5 81              1126 	mov	sp,a
   03C9 AA 82              1127 	mov	r2,dpl
   03CB AB 83              1128 	mov	r3,dph
                           1129 ;	C:\Users\dht98\DOWNLO~1\NKUST\NKUST_~2\HW19\/clcd.c:122: i2s(i, s);
   03CD AC*00              1130 	mov	r4,_bp
   03CF 0C                 1131 	inc	r4
   03D0 8C 05              1132 	mov	ar5,r4
   03D2 7E 00              1133 	mov	r6,#0x00
   03D4 7F 40              1134 	mov	r7,#0x40
   03D6 C0 04              1135 	push	ar4
   03D8 C0 05              1136 	push	ar5
   03DA C0 06              1137 	push	ar6
   03DC C0 07              1138 	push	ar7
   03DE 8A 82              1139 	mov	dpl,r2
   03E0 8B 83              1140 	mov	dph,r3
   03E2 12s01rE7           1141 	lcall	_i2s
   03E5 15 81              1142 	dec	sp
   03E7 15 81              1143 	dec	sp
   03E9 15 81              1144 	dec	sp
   03EB D0 04              1145 	pop	ar4
                           1146 ;	C:\Users\dht98\DOWNLO~1\NKUST\NKUST_~2\HW19\/clcd.c:123: clcd_put_string(s);
   03ED 7A 00              1147 	mov	r2,#0x00
   03EF 7B 40              1148 	mov	r3,#0x40
   03F1 8C 82              1149 	mov	dpl,r4
   03F3 8A 83              1150 	mov	dph,r2
   03F5 8B F0              1151 	mov	b,r3
   03F7 12s01r85           1152 	lcall	_clcd_put_string
   03FA 85*00 81           1153 	mov	sp,_bp
   03FD D0*00              1154 	pop	_bp
   03FF 22                 1155 	ret
                           1156 ;------------------------------------------------------------
                           1157 ;Allocation info for local variables in function 'delay'
                           1158 ;------------------------------------------------------------
                           1159 ;x                         Allocated to registers r2 r3 
                           1160 ;n                         Allocated to registers r4 r5 
                           1161 ;------------------------------------------------------------
                           1162 ;	C:\Users\dht98\DOWNLO~1\NKUST\NKUST_~2\HW19\DHT11-ex.c:11: void delay(int x) {
                           1163 ;	-----------------------------------------
                           1164 ;	 function delay
                           1165 ;	-----------------------------------------
   0400                    1166 _delay:
   0400 AA 82              1167 	mov	r2,dpl
   0402 AB 83              1168 	mov	r3,dph
                           1169 ;	C:\Users\dht98\DOWNLO~1\NKUST\NKUST_~2\HW19\DHT11-ex.c:13: while (x > 0) {
   0404                    1170 00104$:
   0404 C3                 1171 	clr	c
   0405 E4                 1172 	clr	a
   0406 9A                 1173 	subb	a,r2
   0407 74 80              1174 	mov	a,#(0x00 ^ 0x80)
   0409 8B F0              1175 	mov	b,r3
   040B 63 F0 80           1176 	xrl	b,#0x80
   040E 95 F0              1177 	subb	a,b
   0410 50 20              1178 	jnc	00107$
                           1179 ;	C:\Users\dht98\DOWNLO~1\NKUST\NKUST_~2\HW19\DHT11-ex.c:15: while (n > 0)
   0412 7C 78              1180 	mov	r4,#0x78
   0414 7D 00              1181 	mov	r5,#0x00
   0416                    1182 00101$:
   0416 C3                 1183 	clr	c
   0417 E4                 1184 	clr	a
   0418 9C                 1185 	subb	a,r4
   0419 74 80              1186 	mov	a,#(0x00 ^ 0x80)
   041B 8D F0              1187 	mov	b,r5
   041D 63 F0 80           1188 	xrl	b,#0x80
   0420 95 F0              1189 	subb	a,b
   0422 50 07              1190 	jnc	00103$
                           1191 ;	C:\Users\dht98\DOWNLO~1\NKUST\NKUST_~2\HW19\DHT11-ex.c:16: n--;
   0424 1C                 1192 	dec	r4
   0425 BC FF EE           1193 	cjne	r4,#0xff,00101$
   0428 1D                 1194 	dec	r5
   0429 80 EB              1195 	sjmp	00101$
   042B                    1196 00103$:
                           1197 ;	C:\Users\dht98\DOWNLO~1\NKUST\NKUST_~2\HW19\DHT11-ex.c:17: x--;
   042B 1A                 1198 	dec	r2
   042C BA FF D5           1199 	cjne	r2,#0xff,00104$
   042F 1B                 1200 	dec	r3
   0430 80 D2              1201 	sjmp	00104$
   0432                    1202 00107$:
   0432 22                 1203 	ret
                           1204 ;------------------------------------------------------------
                           1205 ;Allocation info for local variables in function 'main'
                           1206 ;------------------------------------------------------------
                           1207 ;Humidity                  Allocated to stack - offset 1
                           1208 ;Temperature               Allocated to stack - offset 2
                           1209 ;------------------------------------------------------------
                           1210 ;	C:\Users\dht98\DOWNLO~1\NKUST\NKUST_~2\HW19\DHT11-ex.c:21: void main(void) {
                           1211 ;	-----------------------------------------
                           1212 ;	 function main
                           1213 ;	-----------------------------------------
   0433                    1214 _main:
   0433 C0*00              1215 	push	_bp
   0435 85 81*00           1216 	mov	_bp,sp
   0438 05 81              1217 	inc	sp
   043A 05 81              1218 	inc	sp
                           1219 ;	C:\Users\dht98\DOWNLO~1\NKUST\NKUST_~2\HW19\DHT11-ex.c:24: clcd_initialize();
   043C 12s01r03           1220 	lcall	_clcd_initialize
                           1221 ;	C:\Users\dht98\DOWNLO~1\NKUST\NKUST_~2\HW19\DHT11-ex.c:25: while (1) {
   043F                    1222 00102$:
                           1223 ;	C:\Users\dht98\DOWNLO~1\NKUST\NKUST_~2\HW19\DHT11-ex.c:26: DHT11_Read(&Humidity, &Temperature);
   043F E5*00              1224 	mov	a,_bp
   0441 24 02              1225 	add	a,#0x02
   0443 FA                 1226 	mov	r2,a
   0444 7B 00              1227 	mov	r3,#0x00
   0446 7C 40              1228 	mov	r4,#0x40
   0448 AD*00              1229 	mov	r5,_bp
   044A 0D                 1230 	inc	r5
   044B 7E 00              1231 	mov	r6,#0x00
   044D 7F 40              1232 	mov	r7,#0x40
   044F C0 02              1233 	push	ar2
   0451 C0 03              1234 	push	ar3
   0453 C0 04              1235 	push	ar4
   0455 8D 82              1236 	mov	dpl,r5
   0457 8E 83              1237 	mov	dph,r6
   0459 8F F0              1238 	mov	b,r7
   045B 12s00r14           1239 	lcall	_DHT11_Read
   045E 15 81              1240 	dec	sp
   0460 15 81              1241 	dec	sp
   0462 15 81              1242 	dec	sp
                           1243 ;	C:\Users\dht98\DOWNLO~1\NKUST\NKUST_~2\HW19\DHT11-ex.c:28: clcd_set_cursor(0, 0);
   0464 E4                 1244 	clr	a
   0465 C0 E0              1245 	push	acc
   0467 C0 E0              1246 	push	acc
   0469 90 00 00           1247 	mov	dptr,#0x0000
   046C 12s01r47           1248 	lcall	_clcd_set_cursor
   046F 15 81              1249 	dec	sp
   0471 15 81              1250 	dec	sp
                           1251 ;	C:\Users\dht98\DOWNLO~1\NKUST\NKUST_~2\HW19\DHT11-ex.c:29: clcd_put_string("Humidity: ");
   0473 90s00r11           1252 	mov	dptr,#__str_0
   0476 75 F0 80           1253 	mov	b,#0x80
   0479 12s01r85           1254 	lcall	_clcd_put_string
                           1255 ;	C:\Users\dht98\DOWNLO~1\NKUST\NKUST_~2\HW19\DHT11-ex.c:30: clcd_put_int(Humidity);
   047C A8*00              1256 	mov	r0,_bp
   047E 08                 1257 	inc	r0
   047F 86 02              1258 	mov	ar2,@r0
   0481 7B 00              1259 	mov	r3,#0x00
   0483 8A 82              1260 	mov	dpl,r2
   0485 8B 83              1261 	mov	dph,r3
   0487 12s03rBF           1262 	lcall	_clcd_put_int
                           1263 ;	C:\Users\dht98\DOWNLO~1\NKUST\NKUST_~2\HW19\DHT11-ex.c:32: clcd_set_cursor(1, 0);
   048A E4                 1264 	clr	a
   048B C0 E0              1265 	push	acc
   048D C0 E0              1266 	push	acc
   048F 90 00 01           1267 	mov	dptr,#0x0001
   0492 12s01r47           1268 	lcall	_clcd_set_cursor
   0495 15 81              1269 	dec	sp
   0497 15 81              1270 	dec	sp
                           1271 ;	C:\Users\dht98\DOWNLO~1\NKUST\NKUST_~2\HW19\DHT11-ex.c:33: clcd_put_string("Temperature: ");
   0499 90s00r1C           1272 	mov	dptr,#__str_1
   049C 75 F0 80           1273 	mov	b,#0x80
   049F 12s01r85           1274 	lcall	_clcd_put_string
                           1275 ;	C:\Users\dht98\DOWNLO~1\NKUST\NKUST_~2\HW19\DHT11-ex.c:34: clcd_put_int(Temperature);
   04A2 A8*00              1276 	mov	r0,_bp
   04A4 08                 1277 	inc	r0
   04A5 08                 1278 	inc	r0
   04A6 86 02              1279 	mov	ar2,@r0
   04A8 7B 00              1280 	mov	r3,#0x00
   04AA 8A 82              1281 	mov	dpl,r2
   04AC 8B 83              1282 	mov	dph,r3
   04AE 12s03rBF           1283 	lcall	_clcd_put_int
                           1284 ;	C:\Users\dht98\DOWNLO~1\NKUST\NKUST_~2\HW19\DHT11-ex.c:36: delay(2000);
   04B1 90 07 D0           1285 	mov	dptr,#0x07D0
   04B4 12s04r00           1286 	lcall	_delay
   04B7 02s04r3F           1287 	ljmp	00102$
   04BA 85*00 81           1288 	mov	sp,_bp
   04BD D0*00              1289 	pop	_bp
   04BF 22                 1290 	ret
                           1291 	.area CSEG    (CODE)
                           1292 	.area CONST   (CODE)
   0000                    1293 _ASCII:
   0000 30 31 32 33 34 35  1294 	.ascii "0123456789ABCDEF"
        36 37 38 39 41 42
        43 44 45 46
   0010 00                 1295 	.db 0x00
   0011                    1296 __str_0:
   0011 48 75 6D 69 64 69  1297 	.ascii "Humidity: "
        74 79 3A 20
   001B 00                 1298 	.db 0x00
   001C                    1299 __str_1:
   001C 54 65 6D 70 65 72  1300 	.ascii "Temperature: "
        61 74 75 72 65 3A
        20
   0029 00                 1301 	.db 0x00
                           1302 	.area XINIT   (CODE)
                           1303 	.area CABS    (ABS,CODE)
